Using pre-set license
Built from '2022.3/staging' branch; Version is '2022.3.10f1 (ff3792e53c62) revision 16725906'; Using compiler version '192829333'; Build Type 'Release'
OS: 'Windows 11  (10.0.22631) 64bit Core' Language: 'pt' Physical Memory: 32581 MB
BatchMode: 1, IsHumanControllingUs: 0, StartBugReporterOnCrash: 0, Is64bit: 1, IsPro: 1

COMMAND LINE ARGUMENTS:
C:\Program Files\Unity\Hub\Editor\2022.3.10f1\Editor\Unity.exe
-adb2
-batchMode
-noUpm
-name
AssetImportWorker3
-projectPath
C:/DesigndeJogosDigitais/DJD/3ano/AI/Crowd-Simulation/Crowd-Simulation
-logFile
Logs/AssetImportWorker3.log
-srvPort
49978
Successfully changed project path to: C:/DesigndeJogosDigitais/DJD/3ano/AI/Crowd-Simulation/Crowd-Simulation
C:/DesigndeJogosDigitais/DJD/3ano/AI/Crowd-Simulation/Crowd-Simulation
[UnityMemory] Configuration Parameters - Can be set up in boot.config
    "memorysetup-bucket-allocator-granularity=16"
    "memorysetup-bucket-allocator-bucket-count=8"
    "memorysetup-bucket-allocator-block-size=33554432"
    "memorysetup-bucket-allocator-block-count=8"
    "memorysetup-main-allocator-block-size=16777216"
    "memorysetup-thread-allocator-block-size=16777216"
    "memorysetup-gfx-main-allocator-block-size=16777216"
    "memorysetup-gfx-thread-allocator-block-size=16777216"
    "memorysetup-cache-allocator-block-size=4194304"
    "memorysetup-typetree-allocator-block-size=2097152"
    "memorysetup-profiler-bucket-allocator-granularity=16"
    "memorysetup-profiler-bucket-allocator-bucket-count=8"
    "memorysetup-profiler-bucket-allocator-block-size=33554432"
    "memorysetup-profiler-bucket-allocator-block-count=8"
    "memorysetup-profiler-allocator-block-size=16777216"
    "memorysetup-profiler-editor-allocator-block-size=1048576"
    "memorysetup-temp-allocator-size-main=16777216"
    "memorysetup-job-temp-allocator-block-size=2097152"
    "memorysetup-job-temp-allocator-block-size-background=1048576"
    "memorysetup-job-temp-allocator-reduction-small-platforms=262144"
    "memorysetup-allocator-temp-initial-block-size-main=262144"
    "memorysetup-allocator-temp-initial-block-size-worker=262144"
    "memorysetup-temp-allocator-size-background-worker=32768"
    "memorysetup-temp-allocator-size-job-worker=262144"
    "memorysetup-temp-allocator-size-preload-manager=33554432"
    "memorysetup-temp-allocator-size-nav-mesh-worker=65536"
    "memorysetup-temp-allocator-size-audio-worker=65536"
    "memorysetup-temp-allocator-size-cloud-worker=32768"
    "memorysetup-temp-allocator-size-gi-baking-worker=262144"
    "memorysetup-temp-allocator-size-gfx=262144"
Player connection [27332] Host "[IP] 192.168.1.191 [Port] 0 [Flags] 2 [Guid] 1936873522 [EditorId] 1936873522 [Version] 1048832 [Id] WindowsEditor(7,DESKTOP-J21O758) [Debug] 1 [PackageName] WindowsEditor [ProjectName] Editor" joined multi-casting on [225.0.0.222:54997]...

Player connection [27332] Host "[IP] 192.168.1.191 [Port] 0 [Flags] 2 [Guid] 1936873522 [EditorId] 1936873522 [Version] 1048832 [Id] WindowsEditor(7,DESKTOP-J21O758) [Debug] 1 [PackageName] WindowsEditor [ProjectName] Editor" joined alternative multi-casting on [225.0.0.222:34997]...

[Physics::Module] Initialized MultithreadedJobDispatcher with 23 workers.
Refreshing native plugins compatible for Editor in 5.73 ms, found 3 plugins.
Preloading 0 native plugins for Editor in 0.00 ms.
Initialize engine version: 2022.3.10f1 (ff3792e53c62)
[Subsystems] Discovering subsystems at path C:/Program Files/Unity/Hub/Editor/2022.3.10f1/Editor/Data/Resources/UnitySubsystems
[Subsystems] Discovering subsystems at path C:/DesigndeJogosDigitais/DJD/3ano/AI/Crowd-Simulation/Crowd-Simulation/Assets
GfxDevice: creating device client; threaded=0; jobified=0
Direct3D:
    Version:  Direct3D 11.0 [level 11.1]
    Renderer: NVIDIA GeForce RTX 4070 (ID=0x2786)
    Vendor:   NVIDIA
    VRAM:     12012 MB
    Driver:   32.0.15.6603
Initialize mono
Mono path[0] = 'C:/Program Files/Unity/Hub/Editor/2022.3.10f1/Editor/Data/Managed'
Mono path[1] = 'C:/Program Files/Unity/Hub/Editor/2022.3.10f1/Editor/Data/MonoBleedingEdge/lib/mono/unityjit-win32'
Mono config path = 'C:/Program Files/Unity/Hub/Editor/2022.3.10f1/Editor/Data/MonoBleedingEdge/etc'
Using monoOptions --debugger-agent=transport=dt_socket,embedding=1,server=y,suspend=n,address=127.0.0.1:56972
Begin MonoManager ReloadAssembly
Registering precompiled unity dll's ...
Register platform support module: C:/Program Files/Unity/Hub/Editor/2022.3.10f1/Editor/Data/PlaybackEngines/WebGLSupport/UnityEditor.WebGL.Extensions.dll
Register platform support module: C:/Program Files/Unity/Hub/Editor/2022.3.10f1/Editor/Data/PlaybackEngines/AndroidPlayer/UnityEditor.Android.Extensions.dll
Register platform support module: C:/Program Files/Unity/Hub/Editor/2022.3.10f1/Editor/Data/PlaybackEngines/WindowsStandaloneSupport/UnityEditor.WindowsStandalone.Extensions.dll
Registered in 0.005355 seconds.
- Loaded All Assemblies, in  0.244 seconds
Native extension for WindowsStandalone target not found
Native extension for Android target not found
Android Extension - Scanning For ADB Devices 211 ms
Native extension for WebGL target not found
Mono: successfully reloaded assembly
- Finished resetting the current domain, in  0.432 seconds
Domain Reload Profiling: 675ms
	BeginReloadAssembly (74ms)
		ExecutionOrderSort (0ms)
		DisableScriptedObjects (0ms)
		BackupInstance (0ms)
		ReleaseScriptingObjects (0ms)
		CreateAndSetChildDomain (1ms)
	RebuildCommonClasses (23ms)
	RebuildNativeTypeToScriptingClass (7ms)
	initialDomainReloadingComplete (38ms)
	LoadAllAssembliesAndSetupDomain (101ms)
		LoadAssemblies (73ms)
		RebuildTransferFunctionScriptingTraits (0ms)
		AnalyzeDomain (99ms)
			TypeCache.Refresh (99ms)
				TypeCache.ScanAssembly (90ms)
			ScanForSourceGeneratedMonoScriptInfo (0ms)
			ResolveRequiredComponents (0ms)
	FinalizeReload (432ms)
		ReleaseScriptCaches (0ms)
		RebuildScriptCaches (0ms)
		SetupLoadedEditorAssemblies (391ms)
			LogAssemblyErrors (0ms)
			InitializePlatformSupportModulesInManaged (297ms)
			SetLoadedEditorAssemblies (2ms)
			RefreshPlugins (0ms)
			BeforeProcessingInitializeOnLoad (1ms)
			ProcessInitializeOnLoadAttributes (60ms)
			ProcessInitializeOnLoadMethodAttributes (31ms)
			AfterProcessingInitializeOnLoad (0ms)
			EditorAssembliesLoaded (0ms)
		ExecutionOrderSort2 (0ms)
		AwakeInstancesAfterBackupRestoration (0ms)
========================================================================
Worker process is ready to serve import requests
Begin MonoManager ReloadAssembly
- Loaded All Assemblies, in  0.435 seconds
Refreshing native plugins compatible for Editor in 1.28 ms, found 3 plugins.
Native extension for WindowsStandalone target not found
Native extension for Android target not found
Native extension for WebGL target not found
Package Manager log level set to [2]
[Package Manager] Server::EnsureServerProcessIsRunning -- launch failed, reason: Unity was launched with the -noUpm command-line argument
[Package Manager] UpmClient::Send -- Unable to send message (not connected to UPM process).
[Package Manager] Cannot connect to Unity Package Manager local server
Mono: successfully reloaded assembly
- Finished resetting the current domain, in  0.419 seconds
Domain Reload Profiling: 852ms
	BeginReloadAssembly (99ms)
		ExecutionOrderSort (0ms)
		DisableScriptedObjects (3ms)
		BackupInstance (0ms)
		ReleaseScriptingObjects (0ms)
		CreateAndSetChildDomain (19ms)
	RebuildCommonClasses (22ms)
	RebuildNativeTypeToScriptingClass (6ms)
	initialDomainReloadingComplete (28ms)
	LoadAllAssembliesAndSetupDomain (278ms)
		LoadAssemblies (209ms)
		RebuildTransferFunctionScriptingTraits (0ms)
		AnalyzeDomain (123ms)
			TypeCache.Refresh (110ms)
				TypeCache.ScanAssembly (98ms)
			ScanForSourceGeneratedMonoScriptInfo (9ms)
			ResolveRequiredComponents (3ms)
	FinalizeReload (419ms)
		ReleaseScriptCaches (0ms)
		RebuildScriptCaches (0ms)
		SetupLoadedEditorAssemblies (307ms)
			LogAssemblyErrors (0ms)
			InitializePlatformSupportModulesInManaged (18ms)
			SetLoadedEditorAssemblies (3ms)
			RefreshPlugins (0ms)
			BeforeProcessingInitializeOnLoad (40ms)
			ProcessInitializeOnLoadAttributes (229ms)
			ProcessInitializeOnLoadMethodAttributes (13ms)
			AfterProcessingInitializeOnLoad (3ms)
			EditorAssembliesLoaded (0ms)
		ExecutionOrderSort2 (0ms)
		AwakeInstancesAfterBackupRestoration (5ms)
Launched and connected shader compiler UnityShaderCompiler.exe after 0.05 seconds
Refreshing native plugins compatible for Editor in 2.15 ms, found 3 plugins.
Preloading 0 native plugins for Editor in 0.00 ms.
Unloading 3168 Unused Serialized files (Serialized files now loaded: 0)
Unloading 31 unused Assets / (56.5 KB). Loaded Objects now: 3646.
Memory consumption went from 124.8 MB to 124.8 MB.
Total: 3.161600 ms (FindLiveObjects: 0.235900 ms CreateObjectMapping: 0.085600 ms MarkObjects: 2.736300 ms  DeleteObjects: 0.102800 ms)

AssetImportParameters requested are different than current active one (requested -> active):
  custom:container-demuxer-ogg: 62fdf1f143b41e24485cea50d1cbac27 -> 
  custom:video-codec-MediaFoundation-h265: 746d11721c4dcdbdad8f713fa42b33f4 -> 
  custom:video-decoder-ogg-theora: a1e56fd34408186e4bbccfd4996cb3dc -> 
  custom:framework-win-MediaFoundation: 216162199b28c13a410421893ffa2e32 -> 
  custom:CustomObjectIndexerAttribute: 756ad292c208cfabdd7b50bc23989ffe -> 
  custom:container-demuxer-webm: 4f35f7cbe854078d1ac9338744f61a02 -> 
  custom:container-muxer-webm: aa71ff27fc2769a1b78a27578f13a17b -> 
  custom:video-decoder-webm-vp8: 9c59270c3fd7afecdb556c50c9e8de78 -> 
  custom:scripting/monoscript/fileName/AIControl.cs: e8f77f6dc450296cd45b88328a1c51fa -> 479750ea2de57e6e6e5d7552211ad31d
  custom:SearchIndexIgnoredProperties: e643bd26f0fe6173181afceb89e7c659 -> 
  custom:AudioImporter_EditorPlatform: d09bf68614088b80899f8185d706f6e7 -> 
  custom:video-encoder-webm-vp8: eb34c28f22e8b96e1ab97ce403110664 -> 
  custom:audio-decoder-ogg-vorbis: bf7c407c2cedff20999df2af8eb42d56 -> 
  custom:audio-encoder-webm-vorbis: bf7c407c2cedff20999df2af8eb42d56 -> 
========================================================================
Received Import Request.
  Time since last request: 31830.653168 seconds.
  path: Assets/People/Male_2.fbm/Male_2_Body_Opacity.png
  artifactKey: Guid(9d8adfedb847448d79694a7022321b30) Importer(2089858483,0ecaa5967403d082aa24f35e1b516d23)
Start importing Assets/People/Male_2.fbm/Male_2_Body_Opacity.png using Guid(9d8adfedb847448d79694a7022321b30) Importer(2089858483,0ecaa5967403d082aa24f35e1b516d23) Generated GUIDs only implemented for interfaces!
 -> (artifact id: 'a6208a9ccc571d96a0f3c0a484884b3d') in 0.105983 seconds
Number of updated asset objects reloaded before import = 0
Number of asset objects unloaded after import = 1
========================================================================
Received Import Request.
  Time since last request: 0.000019 seconds.
  path: Assets/People/Materials/FunkeyMonkey_Top_Diffuse.mat
  artifactKey: Guid(ee3e2305086fc42c5a952a2499144afd) Importer(2089858483,0ecaa5967403d082aa24f35e1b516d23)
Start importing Assets/People/Materials/FunkeyMonkey_Top_Diffuse.mat using Guid(ee3e2305086fc42c5a952a2499144afd) Importer(2089858483,0ecaa5967403d082aa24f35e1b516d23) Generated GUIDs only implemented for interfaces!
 -> (artifact id: '0305cce7c939a6d68129475de405ef8f') in 0.017164 seconds
Number of updated asset objects reloaded before import = 0
Number of asset objects unloaded after import = 3
========================================================================
Received Import Request.
  Time since last request: 0.000016 seconds.
  path: Assets/People/Materials/Girl_2_Hair_Diffuse.mat
  artifactKey: Guid(6c10e02af09d14d9995fd1dea0962574) Importer(2089858483,0ecaa5967403d082aa24f35e1b516d23)
Start importing Assets/People/Materials/Girl_2_Hair_Diffuse.mat using Guid(6c10e02af09d14d9995fd1dea0962574) Importer(2089858483,0ecaa5967403d082aa24f35e1b516d23) Generated GUIDs only implemented for interfaces!
 -> (artifact id: '36db4288633f14021624a78b7b35a77f') in 0.012127 seconds
Number of updated asset objects reloaded before import = 0
Number of asset objects unloaded after import = 3
========================================================================
Received Import Request.
  Time since last request: 0.000012 seconds.
  path: Assets/People/Materials/Girl_4_Shoes_Diffuse.mat
  artifactKey: Guid(ba344ce33387a42e5ae8e1db5fdbfff5) Importer(2089858483,0ecaa5967403d082aa24f35e1b516d23)
Start importing Assets/People/Materials/Girl_4_Shoes_Diffuse.mat using Guid(ba344ce33387a42e5ae8e1db5fdbfff5) Importer(2089858483,0ecaa5967403d082aa24f35e1b516d23) Generated GUIDs only implemented for interfaces!
 -> (artifact id: 'd026b94d576a896bcb765fb686c63295') in 0.013168 seconds
Number of updated asset objects reloaded before import = 0
Number of asset objects unloaded after import = 3
========================================================================
Received Import Request.
  Time since last request: 0.000011 seconds.
  path: Assets/People/Materials/Girl_1_Body_Diffuse.mat
  artifactKey: Guid(89da8f5556d134e16b15e94444de2e28) Importer(2089858483,0ecaa5967403d082aa24f35e1b516d23)
Start importing Assets/People/Materials/Girl_1_Body_Diffuse.mat using Guid(89da8f5556d134e16b15e94444de2e28) Importer(2089858483,0ecaa5967403d082aa24f35e1b516d23) Generated GUIDs only implemented for interfaces!
 -> (artifact id: '373fe12977c661fd1229db5b37690b19') in 0.011453 seconds
Number of updated asset objects reloaded before import = 0
Number of asset objects unloaded after import = 3
========================================================================
Received Import Request.
  Time since last request: 0.000015 seconds.
  path: Assets/People/Materials/Male_2_Shoes_Diffuse.mat
  artifactKey: Guid(9a92eca210e2e440f93db9726397e5b8) Importer(2089858483,0ecaa5967403d082aa24f35e1b516d23)
Start importing Assets/People/Materials/Male_2_Shoes_Diffuse.mat using Guid(9a92eca210e2e440f93db9726397e5b8) Importer(2089858483,0ecaa5967403d082aa24f35e1b516d23) Generated GUIDs only implemented for interfaces!
 -> (artifact id: '96fe5c0ae5be746e35062c6810407f60') in 0.010651 seconds
Number of updated asset objects reloaded before import = 0
Number of asset objects unloaded after import = 3
========================================================================
Received Import Request.
  Time since last request: 0.000014 seconds.
  path: Assets/People/Materials/Male_2_Bottom_Diffuse.mat
  artifactKey: Guid(0414cf07c52554589b6b81f677144276) Importer(2089858483,0ecaa5967403d082aa24f35e1b516d23)
Start importing Assets/People/Materials/Male_2_Bottom_Diffuse.mat using Guid(0414cf07c52554589b6b81f677144276) Importer(2089858483,0ecaa5967403d082aa24f35e1b516d23) Generated GUIDs only implemented for interfaces!
 -> (artifact id: '805db8bb1861465ae4d7ff36a1cbf579') in 0.009500 seconds
Number of updated asset objects reloaded before import = 0
Number of asset objects unloaded after import = 3
========================================================================
Received Import Request.
  Time since last request: 0.000013 seconds.
  path: Assets/People/Materials/Girl_3_Shoes_Diffuse.mat
  artifactKey: Guid(0a34d7a8dcdd5492c903089a6d45ce6e) Importer(2089858483,0ecaa5967403d082aa24f35e1b516d23)
Start importing Assets/People/Materials/Girl_3_Shoes_Diffuse.mat using Guid(0a34d7a8dcdd5492c903089a6d45ce6e) Importer(2089858483,0ecaa5967403d082aa24f35e1b516d23) Generated GUIDs only implemented for interfaces!
 -> (artifact id: '92ef2411b98ebe4e101d34b5575f3722') in 0.009454 seconds
Number of updated asset objects reloaded before import = 0
Number of asset objects unloaded after import = 3
========================================================================
Received Import Request.
  Time since last request: 0.000013 seconds.
  path: Assets/People/Materials/Girl_2_Bottom_Diffuse.mat
  artifactKey: Guid(cbf9d9621bc334a08a1cde4c5da89e6d) Importer(2089858483,0ecaa5967403d082aa24f35e1b516d23)
Start importing Assets/People/Materials/Girl_2_Bottom_Diffuse.mat using Guid(cbf9d9621bc334a08a1cde4c5da89e6d) Importer(2089858483,0ecaa5967403d082aa24f35e1b516d23) Generated GUIDs only implemented for interfaces!
 -> (artifact id: '45b9567a3aee3a32fb751d47c0ea1e10') in 0.009747 seconds
Number of updated asset objects reloaded before import = 0
Number of asset objects unloaded after import = 3
========================================================================
Received Import Request.
  Time since last request: 0.000013 seconds.
  path: Assets/People/Materials/Male_1_Body_Diffuse.mat
  artifactKey: Guid(23ec8c579fc4e4085bf4ac95ea0f071e) Importer(2089858483,0ecaa5967403d082aa24f35e1b516d23)
Start importing Assets/People/Materials/Male_1_Body_Diffuse.mat using Guid(23ec8c579fc4e4085bf4ac95ea0f071e) Importer(2089858483,0ecaa5967403d082aa24f35e1b516d23) Generated GUIDs only implemented for interfaces!
 -> (artifact id: '9dab83ec262251672609a0d206b4bf51') in 0.010609 seconds
Number of updated asset objects reloaded before import = 0
Number of asset objects unloaded after import = 3
========================================================================
Received Import Request.
  Time since last request: 0.000012 seconds.
  path: Assets/People/Materials/Male_2_Top_Diffuse.mat
  artifactKey: Guid(ca7c4f08ffb084b849049f1a12d09eec) Importer(2089858483,0ecaa5967403d082aa24f35e1b516d23)
Start importing Assets/People/Materials/Male_2_Top_Diffuse.mat using Guid(ca7c4f08ffb084b849049f1a12d09eec) Importer(2089858483,0ecaa5967403d082aa24f35e1b516d23) Generated GUIDs only implemented for interfaces!
 -> (artifact id: 'da7dde0ffec444fd40d41e2f1cda5220') in 0.011072 seconds
Number of updated asset objects reloaded before import = 0
Number of asset objects unloaded after import = 3
========================================================================
Received Import Request.
  Time since last request: 0.000017 seconds.
  path: Assets/People/Materials/Regina_Top_Diffuse.mat
  artifactKey: Guid(117f13e0fc2e24665badd28abd9aead2) Importer(2089858483,0ecaa5967403d082aa24f35e1b516d23)
Start importing Assets/People/Materials/Regina_Top_Diffuse.mat using Guid(117f13e0fc2e24665badd28abd9aead2) Importer(2089858483,0ecaa5967403d082aa24f35e1b516d23) Generated GUIDs only implemented for interfaces!
 -> (artifact id: '35af33722bf16cd8ff639d37084bb3ef') in 0.038323 seconds
Number of updated asset objects reloaded before import = 0
Number of asset objects unloaded after import = 3
========================================================================
Received Import Request.
  Time since last request: 0.000011 seconds.
  path: Assets/People/FunkeyMonkey.fbm/FunkeyMonkey_Shoes_Normal.png
  artifactKey: Guid(bc3700ef3980d452295a3822cdbf3a06) Importer(2089858483,0ecaa5967403d082aa24f35e1b516d23)
Start importing Assets/People/FunkeyMonkey.fbm/FunkeyMonkey_Shoes_Normal.png using Guid(bc3700ef3980d452295a3822cdbf3a06) Importer(2089858483,0ecaa5967403d082aa24f35e1b516d23) Generated GUIDs only implemented for interfaces!
 -> (artifact id: 'e829cd8c402b1903b02fa13678b6c851') in 0.018979 seconds
Number of updated asset objects reloaded before import = 0
Number of asset objects unloaded after import = 1
========================================================================
Received Import Request.
  Time since last request: 0.000024 seconds.
  path: Assets/People/Girl_4.fbm/Girl_4_Hair_Normal.png
  artifactKey: Guid(158cedd77b7cd4493956c0d93830baee) Importer(2089858483,0ecaa5967403d082aa24f35e1b516d23)
Start importing Assets/People/Girl_4.fbm/Girl_4_Hair_Normal.png using Guid(158cedd77b7cd4493956c0d93830baee) Importer(2089858483,0ecaa5967403d082aa24f35e1b516d23) Generated GUIDs only implemented for interfaces!
 -> (artifact id: '84a74a2d4969d48047834a8b3af0c7cb') in 0.018248 seconds
Number of updated asset objects reloaded before import = 0
Number of asset objects unloaded after import = 1
========================================================================
Received Import Request.
  Time since last request: 0.000015 seconds.
  path: Assets/People/Male_3.fbm/Male_3_Shoes_Gloss.png
  artifactKey: Guid(88ee5fadb616c4c02a5c2fe31d871479) Importer(2089858483,0ecaa5967403d082aa24f35e1b516d23)
Start importing Assets/People/Male_3.fbm/Male_3_Shoes_Gloss.png using Guid(88ee5fadb616c4c02a5c2fe31d871479) Importer(2089858483,0ecaa5967403d082aa24f35e1b516d23) Generated GUIDs only implemented for interfaces!
 -> (artifact id: '09d4812094783bc66eb0927cb2739544') in 0.016206 seconds
Number of updated asset objects reloaded before import = 0
Number of asset objects unloaded after import = 1
========================================================================
Received Import Request.
  Time since last request: 0.000012 seconds.
  path: Assets/People/Male_1.fbm/Male_1_Body_Specular.png
  artifactKey: Guid(9a9c24c1f71b349a6b0385b74f196c67) Importer(2089858483,0ecaa5967403d082aa24f35e1b516d23)
Start importing Assets/People/Male_1.fbm/Male_1_Body_Specular.png using Guid(9a9c24c1f71b349a6b0385b74f196c67) Importer(2089858483,0ecaa5967403d082aa24f35e1b516d23) Generated GUIDs only implemented for interfaces!
 -> (artifact id: 'be69ea9fe0d5765ea83490c0671d37e0') in 0.016061 seconds
Number of updated asset objects reloaded before import = 0
Number of asset objects unloaded after import = 1
========================================================================
Received Import Request.
  Time since last request: 0.349368 seconds.
  path: Assets/People/regina@Dwarf Idle.fbm/Regina_Hair_Gloss.png
  artifactKey: Guid(0e5c5aca59c714edd9e2a0aff6f0e84a) Importer(2089858483,0ecaa5967403d082aa24f35e1b516d23)
Start importing Assets/People/regina@Dwarf Idle.fbm/Regina_Hair_Gloss.png using Guid(0e5c5aca59c714edd9e2a0aff6f0e84a) Importer(2089858483,0ecaa5967403d082aa24f35e1b516d23) Generated GUIDs only implemented for interfaces!
 -> (artifact id: '9183b32dba670f46590eeb33ed64075b') in 0.018410 seconds
Number of updated asset objects reloaded before import = 0
Number of asset objects unloaded after import = 1
========================================================================
Received Import Request.
  Time since last request: 0.000112 seconds.
  path: Assets/People/regina@Running.fbm/Regina_Bottom_Diffuse.png
  artifactKey: Guid(b361313e4620f48d1bec06e4fedebe66) Importer(2089858483,0ecaa5967403d082aa24f35e1b516d23)
Start importing Assets/People/regina@Running.fbm/Regina_Bottom_Diffuse.png using Guid(b361313e4620f48d1bec06e4fedebe66) Importer(2089858483,0ecaa5967403d082aa24f35e1b516d23) Generated GUIDs only implemented for interfaces!
 -> (artifact id: 'c6aa70ae45c6515d6e5f21a0e06dc786') in 0.018807 seconds
Number of updated asset objects reloaded before import = 0
Number of asset objects unloaded after import = 1
========================================================================
Received Import Request.
  Time since last request: 0.000055 seconds.
  path: Assets/People/regina@Walking.fbm/Regina_Shoes_Normal.png
  artifactKey: Guid(61a1cbd6ad6333a44910d9e4d95cbd93) Importer(2089858483,0ecaa5967403d082aa24f35e1b516d23)
Start importing Assets/People/regina@Walking.fbm/Regina_Shoes_Normal.png using Guid(61a1cbd6ad6333a44910d9e4d95cbd93) Importer(2089858483,0ecaa5967403d082aa24f35e1b516d23) Generated GUIDs only implemented for interfaces!
 -> (artifact id: 'b2517ee2c0a8e1eadf405ff502040f16') in 0.018389 seconds
Number of updated asset objects reloaded before import = 0
Number of asset objects unloaded after import = 1
========================================================================
Received Import Request.
  Time since last request: 0.000013 seconds.
  path: Assets/Standard Assets/Utility/CurveControlledBob.cs
  artifactKey: Guid(492f54f4accf00440828ffcb9e4fcc19) Importer(2089858483,0ecaa5967403d082aa24f35e1b516d23)
Start importing Assets/Standard Assets/Utility/CurveControlledBob.cs using Guid(492f54f4accf00440828ffcb9e4fcc19) Importer(2089858483,0ecaa5967403d082aa24f35e1b516d23) Generated GUIDs only implemented for interfaces!
 -> (artifact id: '86cdc3a2a386d35dd18d05d1779f5c82') in 0.009009 seconds
Number of updated asset objects reloaded before import = 0
Number of asset objects unloaded after import = 1
========================================================================
Received Import Request.
  Time since last request: 0.000038 seconds.
  path: Assets/People/regina@Running.fbm/Regina_Hair_Normal.png
  artifactKey: Guid(ab67be6b406144e758126237446762fb) Importer(2089858483,0ecaa5967403d082aa24f35e1b516d23)
Start importing Assets/People/regina@Running.fbm/Regina_Hair_Normal.png using Guid(ab67be6b406144e758126237446762fb) Importer(2089858483,0ecaa5967403d082aa24f35e1b516d23) Generated GUIDs only implemented for interfaces!
 -> (artifact id: '86d575a5e454f3d4ac8919efc5448c19') in 0.016979 seconds
Number of updated asset objects reloaded before import = 0
Number of asset objects unloaded after import = 1
========================================================================
Received Import Request.
  Time since last request: 0.000010 seconds.
  path: Assets/People/regina@Dwarf Idle.fbm/Regina_Hair_Opacity.png
  artifactKey: Guid(3fdc0ac85d9bb4837846578a98015a5a) Importer(2089858483,0ecaa5967403d082aa24f35e1b516d23)
Start importing Assets/People/regina@Dwarf Idle.fbm/Regina_Hair_Opacity.png using Guid(3fdc0ac85d9bb4837846578a98015a5a) Importer(2089858483,0ecaa5967403d082aa24f35e1b516d23) Generated GUIDs only implemented for interfaces!
 -> (artifact id: '5acef16149d00a71167f6b2b8c8bebfd') in 0.017902 seconds
Number of updated asset objects reloaded before import = 0
Number of asset objects unloaded after import = 1
========================================================================
Received Import Request.
  Time since last request: 0.000051 seconds.
  path: Assets/People/regina@Running.fbm/Regina_Bottom_Gloss.png
  artifactKey: Guid(6a60b4d0046a24b698928b251c11fa37) Importer(2089858483,0ecaa5967403d082aa24f35e1b516d23)
Start importing Assets/People/regina@Running.fbm/Regina_Bottom_Gloss.png using Guid(6a60b4d0046a24b698928b251c11fa37) Importer(2089858483,0ecaa5967403d082aa24f35e1b516d23) Generated GUIDs only implemented for interfaces!
 -> (artifact id: '4401f2af0798938dd5bdc08e600317d9') in 0.018592 seconds
Number of updated asset objects reloaded before import = 0
Number of asset objects unloaded after import = 1
========================================================================
Received Import Request.
  Time since last request: 0.000013 seconds.
  path: Assets/Standard Assets/PhysicsMaterials/MaxFriction.physicMaterial
  artifactKey: Guid(e52fb17f9b1e7fd48b8955f1391d3688) Importer(2089858483,0ecaa5967403d082aa24f35e1b516d23)
Start importing Assets/Standard Assets/PhysicsMaterials/MaxFriction.physicMaterial using Guid(e52fb17f9b1e7fd48b8955f1391d3688) Importer(2089858483,0ecaa5967403d082aa24f35e1b516d23) Generated GUIDs only implemented for interfaces!
 -> (artifact id: '2e061911b39196840096c09c0935a513') in 0.017554 seconds
Number of updated asset objects reloaded before import = 0
Number of asset objects unloaded after import = 1
========================================================================
Received Import Request.
  Time since last request: 0.000199 seconds.
  path: Assets/People/regina@Running.fbm/Regina_Hair_Gloss.png
  artifactKey: Guid(bbb1a4b662dfd4a86a6fe82ba7175d5a) Importer(2089858483,0ecaa5967403d082aa24f35e1b516d23)
Start importing Assets/People/regina@Running.fbm/Regina_Hair_Gloss.png using Guid(bbb1a4b662dfd4a86a6fe82ba7175d5a) Importer(2089858483,0ecaa5967403d082aa24f35e1b516d23) Generated GUIDs only implemented for interfaces!
 -> (artifact id: '3086cf9823b9e809373e0f995b1e536a') in 0.018648 seconds
Number of updated asset objects reloaded before import = 0
Number of asset objects unloaded after import = 1
========================================================================
Received Import Request.
  Time since last request: 0.000059 seconds.
  path: Assets/People/regina@Dwarf Idle.fbm/Regina_Top_Normal.png
  artifactKey: Guid(995e6138882d04d888cb4e036f1fa49a) Importer(2089858483,0ecaa5967403d082aa24f35e1b516d23)
Start importing Assets/People/regina@Dwarf Idle.fbm/Regina_Top_Normal.png using Guid(995e6138882d04d888cb4e036f1fa49a) Importer(2089858483,0ecaa5967403d082aa24f35e1b516d23) Generated GUIDs only implemented for interfaces!
 -> (artifact id: 'f94cc941ca5ff85989a16f77e465813d') in 0.019632 seconds
Number of updated asset objects reloaded before import = 0
Number of asset objects unloaded after import = 1
========================================================================
Received Import Request.
  Time since last request: 0.000017 seconds.
  path: Assets/Standard Assets/PhysicsMaterials/ZeroFriction.physicMaterial
  artifactKey: Guid(c2815a7ab32e42c4bb42f59caacb8ec1) Importer(2089858483,0ecaa5967403d082aa24f35e1b516d23)
Start importing Assets/Standard Assets/PhysicsMaterials/ZeroFriction.physicMaterial using Guid(c2815a7ab32e42c4bb42f59caacb8ec1) Importer(2089858483,0ecaa5967403d082aa24f35e1b516d23) Generated GUIDs only implemented for interfaces!
 -> (artifact id: '8f8e94d00e2b8ee2ae2bc5ad070dcb77') in 0.008934 seconds
Number of updated asset objects reloaded before import = 0
Number of asset objects unloaded after import = 1
========================================================================
Received Import Request.
  Time since last request: 0.000013 seconds.
  path: Assets/People/regina@Dwarf Idle.fbm/Regina_Top_Gloss.png
  artifactKey: Guid(8e43a98b1fa714bc3b407a53fc5b1103) Importer(2089858483,0ecaa5967403d082aa24f35e1b516d23)
Start importing Assets/People/regina@Dwarf Idle.fbm/Regina_Top_Gloss.png using Guid(8e43a98b1fa714bc3b407a53fc5b1103) Importer(2089858483,0ecaa5967403d082aa24f35e1b516d23) Generated GUIDs only implemented for interfaces!
 -> (artifact id: '1d562abb3628a2535aacd4d7b8b295ef') in 0.018787 seconds
Number of updated asset objects reloaded before import = 0
Number of asset objects unloaded after import = 1
========================================================================
Received Import Request.
  Time since last request: 0.000014 seconds.
  path: Assets/People/regina@Walking.fbm/Regina_Bottom_Specular.png
  artifactKey: Guid(b41dd60cc64bdaa4f820dc37f722d074) Importer(2089858483,0ecaa5967403d082aa24f35e1b516d23)
Start importing Assets/People/regina@Walking.fbm/Regina_Bottom_Specular.png using Guid(b41dd60cc64bdaa4f820dc37f722d074) Importer(2089858483,0ecaa5967403d082aa24f35e1b516d23) Generated GUIDs only implemented for interfaces!
 -> (artifact id: 'a90b5b4d83c751d65aad8b3642294ea7') in 0.020098 seconds
Number of updated asset objects reloaded before import = 0
Number of asset objects unloaded after import = 1
========================================================================
Received Import Request.
  Time since last request: 0.000010 seconds.
  path: Assets/People/regina@Walking.fbm/Regina_Shoes_Opacity.png
  artifactKey: Guid(a843e12a6e3329c4697384310f087c83) Importer(2089858483,0ecaa5967403d082aa24f35e1b516d23)
Start importing Assets/People/regina@Walking.fbm/Regina_Shoes_Opacity.png using Guid(a843e12a6e3329c4697384310f087c83) Importer(2089858483,0ecaa5967403d082aa24f35e1b516d23) Generated GUIDs only implemented for interfaces!
 -> (artifact id: '968bbdc09133de459004882eeff3dece') in 0.017911 seconds
Number of updated asset objects reloaded before import = 0
Number of asset objects unloaded after import = 1
========================================================================
Received Import Request.
  Time since last request: 0.000027 seconds.
  path: Assets/People/regina@Dwarf Idle.fbm/Regina_Hat_Normal.png
  artifactKey: Guid(f25760d88478c49e68646713fefe0c0e) Importer(2089858483,0ecaa5967403d082aa24f35e1b516d23)
Start importing Assets/People/regina@Dwarf Idle.fbm/Regina_Hat_Normal.png using Guid(f25760d88478c49e68646713fefe0c0e) Importer(2089858483,0ecaa5967403d082aa24f35e1b516d23) Generated GUIDs only implemented for interfaces!
 -> (artifact id: 'a2beb2bfa1806c2b2c188114e73cb21b') in 0.018309 seconds
Number of updated asset objects reloaded before import = 0
Number of asset objects unloaded after import = 1
========================================================================
Received Import Request.
  Time since last request: 0.000009 seconds.
  path: Assets/People/regina@Running.fbm/Regina_Bottom_Specular.png
  artifactKey: Guid(1b220a72d56394af1ae1a28f288dec4c) Importer(2089858483,0ecaa5967403d082aa24f35e1b516d23)
Start importing Assets/People/regina@Running.fbm/Regina_Bottom_Specular.png using Guid(1b220a72d56394af1ae1a28f288dec4c) Importer(2089858483,0ecaa5967403d082aa24f35e1b516d23) Generated GUIDs only implemented for interfaces!
 -> (artifact id: 'cfd7f871651cb87dd0d30a41a6a3d5c1') in 0.018015 seconds
Number of updated asset objects reloaded before import = 0
Number of asset objects unloaded after import = 1
========================================================================
Received Import Request.
  Time since last request: 0.000017 seconds.
  path: Assets/People/regina@Walking.fbm/Regina_Hat_Normal.png
  artifactKey: Guid(81c64cd7faa08be40b25854db6eb2c17) Importer(2089858483,0ecaa5967403d082aa24f35e1b516d23)
Start importing Assets/People/regina@Walking.fbm/Regina_Hat_Normal.png using Guid(81c64cd7faa08be40b25854db6eb2c17) Importer(2089858483,0ecaa5967403d082aa24f35e1b516d23) Generated GUIDs only implemented for interfaces!
 -> (artifact id: 'a2aa84f2bee2eefb32cc6a31a5dad79d') in 0.016643 seconds
Number of updated asset objects reloaded before import = 0
Number of asset objects unloaded after import = 1
========================================================================
Received Import Request.
  Time since last request: 0.283706 seconds.
  path: Assets/Standard Assets/Utility/LerpControlledBob.cs
  artifactKey: Guid(c1bbfafbde15c854681023b9e01e12dd) Importer(2089858483,0ecaa5967403d082aa24f35e1b516d23)
Start importing Assets/Standard Assets/Utility/LerpControlledBob.cs using Guid(c1bbfafbde15c854681023b9e01e12dd) Importer(2089858483,0ecaa5967403d082aa24f35e1b516d23) Generated GUIDs only implemented for interfaces!
 -> (artifact id: '84aad2d1492f6105b038ffacebe6aa78') in 0.010041 seconds
Number of updated asset objects reloaded before import = 0
Number of asset objects unloaded after import = 1
========================================================================
Received Import Request.
  Time since last request: 0.000013 seconds.
  path: Assets/Street/Resources/Assets/Basket01.fbx
  artifactKey: Guid(28aac86dcac4a7043911547ac3f6e356) Importer(2089858483,0ecaa5967403d082aa24f35e1b516d23)
Start importing Assets/Street/Resources/Assets/Basket01.fbx using Guid(28aac86dcac4a7043911547ac3f6e356) Importer(2089858483,0ecaa5967403d082aa24f35e1b516d23) Generated GUIDs only implemented for interfaces!
 -> (artifact id: '2750be3c7ddc2e42fa65c6fc8b3d39b2') in 0.031957 seconds
Number of updated asset objects reloaded before import = 0
Number of asset objects unloaded after import = 9
========================================================================
Received Import Request.
  Time since last request: 0.000012 seconds.
  path: Assets/Street/Resources/Assets/Materials/ConcreteNew0024_2_S_2.mat
  artifactKey: Guid(b926f68be080ef44abdb11f5e289cf95) Importer(2089858483,0ecaa5967403d082aa24f35e1b516d23)
Start importing Assets/Street/Resources/Assets/Materials/ConcreteNew0024_2_S_2.mat using Guid(b926f68be080ef44abdb11f5e289cf95) Importer(2089858483,0ecaa5967403d082aa24f35e1b516d23) Generated GUIDs only implemented for interfaces!
 -> (artifact id: '8d2ef37307bd9e14f5806dd7797f3cd4') in 0.009289 seconds
Number of updated asset objects reloaded before import = 0
Number of asset objects unloaded after import = 2
========================================================================
Received Import Request.
  Time since last request: 0.000010 seconds.
  path: Assets/Standard Assets/Characters/FirstPersonCharacter/Scripts/HeadBob.cs
  artifactKey: Guid(83c81407209f85e4c87c0cda8b32868e) Importer(2089858483,0ecaa5967403d082aa24f35e1b516d23)
Start importing Assets/Standard Assets/Characters/FirstPersonCharacter/Scripts/HeadBob.cs using Guid(83c81407209f85e4c87c0cda8b32868e) Importer(2089858483,0ecaa5967403d082aa24f35e1b516d23) Generated GUIDs only implemented for interfaces!
 -> (artifact id: '3e18b4a555aa3e577188889be3d136bf') in 0.009623 seconds
Number of updated asset objects reloaded before import = 0
Number of asset objects unloaded after import = 1
========================================================================
Received Import Request.
  Time since last request: 0.000015 seconds.
  path: Assets/Street/Resources/Assets/Materials/BuildingsOrnate0034_L.mat
  artifactKey: Guid(abed135569b19b147b3bce124b6699be) Importer(2089858483,0ecaa5967403d082aa24f35e1b516d23)
Start importing Assets/Street/Resources/Assets/Materials/BuildingsOrnate0034_L.mat using Guid(abed135569b19b147b3bce124b6699be) Importer(2089858483,0ecaa5967403d082aa24f35e1b516d23) Generated GUIDs only implemented for interfaces!
 -> (artifact id: 'eaf448bc0ee77751aae47228c55c81d7') in 0.010054 seconds
Number of updated asset objects reloaded before import = 0
Number of asset objects unloaded after import = 2
========================================================================
Received Import Request.
  Time since last request: 0.000011 seconds.
  path: Assets/Street/Resources/Assets/Materials/HighRiseResidential0021_2_L wall.mat
  artifactKey: Guid(cfaa2f1cdc4233543b4815411f9ccff3) Importer(2089858483,0ecaa5967403d082aa24f35e1b516d23)
Start importing Assets/Street/Resources/Assets/Materials/HighRiseResidential0021_2_L wall.mat using Guid(cfaa2f1cdc4233543b4815411f9ccff3) Importer(2089858483,0ecaa5967403d082aa24f35e1b516d23) Generated GUIDs only implemented for interfaces!
 -> (artifact id: '199ebc1471df1aac9f715b3fea60f465') in 0.010194 seconds
Number of updated asset objects reloaded before import = 0
Number of asset objects unloaded after import = 2
========================================================================
Received Import Request.
  Time since last request: 0.000020 seconds.
  path: Assets/Standard Assets/Utility/ParticleSystemDestroyer.cs
  artifactKey: Guid(29014cd42b6d273408e0ceefd336c0b3) Importer(2089858483,0ecaa5967403d082aa24f35e1b516d23)
Start importing Assets/Standard Assets/Utility/ParticleSystemDestroyer.cs using Guid(29014cd42b6d273408e0ceefd336c0b3) Importer(2089858483,0ecaa5967403d082aa24f35e1b516d23) Generated GUIDs only implemented for interfaces!
 -> (artifact id: 'c95795c317dd26c8ea3ac3d8dd02eee5') in 0.009398 seconds
Number of updated asset objects reloaded before import = 0
Number of asset objects unloaded after import = 1
========================================================================
Received Import Request.
  Time since last request: 0.000010 seconds.
  path: Assets/Standard Assets/Characters/FirstPersonCharacter/Audio/Land.wav
  artifactKey: Guid(3b09d59f4499d45428baa7a21e954296) Importer(2089858483,0ecaa5967403d082aa24f35e1b516d23)
Start importing Assets/Standard Assets/Characters/FirstPersonCharacter/Audio/Land.wav using Guid(3b09d59f4499d45428baa7a21e954296) Importer(2089858483,0ecaa5967403d082aa24f35e1b516d23) Generated GUIDs only implemented for interfaces!
 -> (artifact id: 'e9ae6545ed31df7ad30ec7dd2bc9ca99') in 0.027955 seconds
Number of updated asset objects reloaded before import = 0
Number of asset objects unloaded after import = 1
========================================================================
Received Import Request.
  Time since last request: 0.000085 seconds.
  path: Assets/Street/Resources/Assets/Materials/Page2Head.mat
  artifactKey: Guid(5ea1f9e93426ae34ba2c92e986b256ce) Importer(2089858483,0ecaa5967403d082aa24f35e1b516d23)
Start importing Assets/Street/Resources/Assets/Materials/Page2Head.mat using Guid(5ea1f9e93426ae34ba2c92e986b256ce) Importer(2089858483,0ecaa5967403d082aa24f35e1b516d23) Generated GUIDs only implemented for interfaces!
 -> (artifact id: '713d674a726d6d6e59bb7112bd395987') in 0.010873 seconds
Number of updated asset objects reloaded before import = 0
Number of asset objects unloaded after import = 2
========================================================================
Received Import Request.
  Time since last request: 0.000014 seconds.
  path: Assets/Street/Resources/Assets/Materials/Material__223.mat
  artifactKey: Guid(fa20311b943f5db4592abc784ee03e9b) Importer(2089858483,0ecaa5967403d082aa24f35e1b516d23)
Start importing Assets/Street/Resources/Assets/Materials/Material__223.mat using Guid(fa20311b943f5db4592abc784ee03e9b) Importer(2089858483,0ecaa5967403d082aa24f35e1b516d23) Generated GUIDs only implemented for interfaces!
 -> (artifact id: '46182fca4514a191b3fcabc380d0cdbb') in 0.010134 seconds
Number of updated asset objects reloaded before import = 0
Number of asset objects unloaded after import = 2
========================================================================
Received Import Request.
  Time since last request: 0.000011 seconds.
  path: Assets/Standard Assets/CrossPlatformInput/Sprites/ButtonSpacebarSprite.png
  artifactKey: Guid(3d8675433a508ec47b8f895201eacf20) Importer(2089858483,0ecaa5967403d082aa24f35e1b516d23)
Start importing Assets/Standard Assets/CrossPlatformInput/Sprites/ButtonSpacebarSprite.png using Guid(3d8675433a508ec47b8f895201eacf20) Importer(2089858483,0ecaa5967403d082aa24f35e1b516d23) Generated GUIDs only implemented for interfaces!
 -> (artifact id: '8003620a8d187bb4ad9121bcacb3a341') in 0.019616 seconds
Number of updated asset objects reloaded before import = 0
Number of asset objects unloaded after import = 3
========================================================================
Received Import Request.
  Time since last request: 0.000010 seconds.
  path: Assets/Street/Resources/Assets/Materials/acera2.mat
  artifactKey: Guid(01e390a6eb79d5147afb4ec6a63a3f02) Importer(2089858483,0ecaa5967403d082aa24f35e1b516d23)
Start importing Assets/Street/Resources/Assets/Materials/acera2.mat using Guid(01e390a6eb79d5147afb4ec6a63a3f02) Importer(2089858483,0ecaa5967403d082aa24f35e1b516d23) Generated GUIDs only implemented for interfaces!
 -> (artifact id: '8c20be0025ec4b48f576934927fff6fd') in 0.011609 seconds
Number of updated asset objects reloaded before import = 0
Number of asset objects unloaded after import = 3
========================================================================
Received Import Request.
  Time since last request: 0.000010 seconds.
  path: Assets/Street/Resources/Assets/Materials/HighRiseResidential0021_2_L.mat
  artifactKey: Guid(10671f8fd28cf9242bd1297560252878) Importer(2089858483,0ecaa5967403d082aa24f35e1b516d23)
Start importing Assets/Street/Resources/Assets/Materials/HighRiseResidential0021_2_L.mat using Guid(10671f8fd28cf9242bd1297560252878) Importer(2089858483,0ecaa5967403d082aa24f35e1b516d23) Generated GUIDs only implemented for interfaces!
 -> (artifact id: '82976e8eac4e6b44a700c25dafb419b2') in 0.010113 seconds
Number of updated asset objects reloaded before import = 0
Number of asset objects unloaded after import = 2
========================================================================
Received Import Request.
  Time since last request: 0.000012 seconds.
  path: Assets/Street/Resources/Assets/roof02.fbx
  artifactKey: Guid(dd2c87eec6ea8fd46b8e52c82e1286df) Importer(2089858483,0ecaa5967403d082aa24f35e1b516d23)
Start importing Assets/Street/Resources/Assets/roof02.fbx using Guid(dd2c87eec6ea8fd46b8e52c82e1286df) Importer(2089858483,0ecaa5967403d082aa24f35e1b516d23) Generated GUIDs only implemented for interfaces!
 -> (artifact id: '322720a98590b87b4137618a3e679c2d') in 0.036827 seconds
Number of updated asset objects reloaded before import = 0
Number of asset objects unloaded after import = 156
========================================================================
Received Import Request.
  Time since last request: 0.000013 seconds.
  path: Assets/Street/Resources/Assets/Materials/BuildingsHighRise0292_2_L.mat
  artifactKey: Guid(143a25748a831324cbbc60e0aac70ebe) Importer(2089858483,0ecaa5967403d082aa24f35e1b516d23)
Start importing Assets/Street/Resources/Assets/Materials/BuildingsHighRise0292_2_L.mat using Guid(143a25748a831324cbbc60e0aac70ebe) Importer(2089858483,0ecaa5967403d082aa24f35e1b516d23) Generated GUIDs only implemented for interfaces!
 -> (artifact id: 'ee53fa2f7362fa4fb9bfe0b04dbbf33e') in 0.010833 seconds
Number of updated asset objects reloaded before import = 0
Number of asset objects unloaded after import = 2
========================================================================
Received Import Request.
  Time since last request: 0.000064 seconds.
  path: Assets/Standard Assets/Utility/TimedObjectDestructor.cs
  artifactKey: Guid(37fac21d1f093d344816942d1abce94e) Importer(2089858483,0ecaa5967403d082aa24f35e1b516d23)
Start importing Assets/Standard Assets/Utility/TimedObjectDestructor.cs using Guid(37fac21d1f093d344816942d1abce94e) Importer(2089858483,0ecaa5967403d082aa24f35e1b516d23) Generated GUIDs only implemented for interfaces!
 -> (artifact id: '3cd680418937902be6d5558256b75e30') in 0.009368 seconds
Number of updated asset objects reloaded before import = 0
Number of asset objects unloaded after import = 1
========================================================================
Received Import Request.
  Time since last request: 0.000012 seconds.
  path: Assets/Street/Resources/Assets/Sidewalk.fbx
  artifactKey: Guid(18502c0e25929d94e8f94d690d973013) Importer(2089858483,0ecaa5967403d082aa24f35e1b516d23)
Start importing Assets/Street/Resources/Assets/Sidewalk.fbx using Guid(18502c0e25929d94e8f94d690d973013) Importer(2089858483,0ecaa5967403d082aa24f35e1b516d23) Generated GUIDs only implemented for interfaces!
 -> (artifact id: '1d4375e554afed8b1774f9028aa432cf') in 0.016696 seconds
Number of updated asset objects reloaded before import = 0
Number of asset objects unloaded after import = 9
========================================================================
Received Import Request.
  Time since last request: 0.000013 seconds.
  path: Assets/Standard Assets/Characters/FirstPersonCharacter/Scripts/MouseLook.cs
  artifactKey: Guid(37e60a97f2c87ae41b6cdc1055d78cb9) Importer(2089858483,0ecaa5967403d082aa24f35e1b516d23)
Start importing Assets/Standard Assets/Characters/FirstPersonCharacter/Scripts/MouseLook.cs using Guid(37e60a97f2c87ae41b6cdc1055d78cb9) Importer(2089858483,0ecaa5967403d082aa24f35e1b516d23) Generated GUIDs only implemented for interfaces!
 -> (artifact id: '0cb6dc05aa053910aa19a42282cfe34c') in 0.007480 seconds
Number of updated asset objects reloaded before import = 0
Number of asset objects unloaded after import = 1
========================================================================
Received Import Request.
  Time since last request: 0.000031 seconds.
  path: Assets/Street/Resources/Assets/Materials/Panel01-Billboards1.mat
  artifactKey: Guid(d505ae90a4210bb479dfd841b9689402) Importer(2089858483,0ecaa5967403d082aa24f35e1b516d23)
Start importing Assets/Street/Resources/Assets/Materials/Panel01-Billboards1.mat using Guid(d505ae90a4210bb479dfd841b9689402) Importer(2089858483,0ecaa5967403d082aa24f35e1b516d23) Generated GUIDs only implemented for interfaces!
 -> (artifact id: '4379cba1a92f223ca870eab70f7eec12') in 0.010500 seconds
Number of updated asset objects reloaded before import = 0
Number of asset objects unloaded after import = 2
========================================================================
Received Import Request.
  Time since last request: 0.000036 seconds.
  path: Assets/Standard Assets/CrossPlatformInput/Sprites/SliderBackgroundSprite.png
  artifactKey: Guid(ea5873cfd9158664f89459f0c9e1d853) Importer(2089858483,0ecaa5967403d082aa24f35e1b516d23)
Start importing Assets/Standard Assets/CrossPlatformInput/Sprites/SliderBackgroundSprite.png using Guid(ea5873cfd9158664f89459f0c9e1d853) Importer(2089858483,0ecaa5967403d082aa24f35e1b516d23) Generated GUIDs only implemented for interfaces!
 -> (artifact id: 'b4c440794c84e9e5e6d8845364a283e1') in 0.019728 seconds
Number of updated asset objects reloaded before import = 0
Number of asset objects unloaded after import = 3
========================================================================
Received Import Request.
  Time since last request: 0.000016 seconds.
  path: Assets/Street/Resources/Assets/Materials/BigY_onlyBest_dots.mat
  artifactKey: Guid(fe27fbbb312906d4e953a8f73f03cdf9) Importer(2089858483,0ecaa5967403d082aa24f35e1b516d23)
Start importing Assets/Street/Resources/Assets/Materials/BigY_onlyBest_dots.mat using Guid(fe27fbbb312906d4e953a8f73f03cdf9) Importer(2089858483,0ecaa5967403d082aa24f35e1b516d23) Generated GUIDs only implemented for interfaces!
 -> (artifact id: 'fd0454f7136af517ab60d7eb2f936835') in 0.011009 seconds
Number of updated asset objects reloaded before import = 0
Number of asset objects unloaded after import = 2
========================================================================
Received Import Request.
  Time since last request: 0.000012 seconds.
  path: Assets/Street/Resources/Prefabs/First Person Controller 1.prefab
  artifactKey: Guid(5eb5ba4a9cec48840b16909599910357) Importer(2089858483,0ecaa5967403d082aa24f35e1b516d23)
Start importing Assets/Street/Resources/Prefabs/First Person Controller 1.prefab using Guid(5eb5ba4a9cec48840b16909599910357) Importer(2089858483,0ecaa5967403d082aa24f35e1b516d23) Generated GUIDs only implemented for interfaces!
 -> (artifact id: 'b4da249ccfde9eddaa97f40357ceb6e3') in 0.011048 seconds
Number of updated asset objects reloaded before import = 0
Number of asset objects unloaded after import = 25
========================================================================
Received Import Request.
  Time since last request: 0.000017 seconds.
  path: Assets/Street/Resources/Prefabs/Street.prefab
  artifactKey: Guid(629e686df649ed947b79ebadaf3d39d4) Importer(2089858483,0ecaa5967403d082aa24f35e1b516d23)
Start importing Assets/Street/Resources/Prefabs/Street.prefab using Guid(629e686df649ed947b79ebadaf3d39d4) Importer(2089858483,0ecaa5967403d082aa24f35e1b516d23) Generated GUIDs only implemented for interfaces!
 -> (artifact id: '5803506a5bed2add1bdcc8bdb53ca50f') in 0.029460 seconds
Number of updated asset objects reloaded before import = 0
Number of asset objects unloaded after import = 913
========================================================================
Received Import Request.
  Time since last request: 0.000019 seconds.
  path: Assets/Standard Assets/CrossPlatformInput/Scripts/Joystick.cs
  artifactKey: Guid(00c3c865782347f41b6358d9fba14b48) Importer(2089858483,0ecaa5967403d082aa24f35e1b516d23)
Start importing Assets/Standard Assets/CrossPlatformInput/Scripts/Joystick.cs using Guid(00c3c865782347f41b6358d9fba14b48) Importer(2089858483,0ecaa5967403d082aa24f35e1b516d23) Generated GUIDs only implemented for interfaces!
 -> (artifact id: '473ade3b895aa8676d87aff5f6efa3ca') in 0.007379 seconds
Number of updated asset objects reloaded before import = 0
Number of asset objects unloaded after import = 1
========================================================================
Received Import Request.
  Time since last request: 0.000013 seconds.
  path: Assets/Street/Resources/Assets/lampost2.fbx
  artifactKey: Guid(4cadf139e880fb444bbf4e677048c9e4) Importer(2089858483,0ecaa5967403d082aa24f35e1b516d23)
Start importing Assets/Street/Resources/Assets/lampost2.fbx using Guid(4cadf139e880fb444bbf4e677048c9e4) Importer(2089858483,0ecaa5967403d082aa24f35e1b516d23) Generated GUIDs only implemented for interfaces!
 -> (artifact id: '91d4fc7b3d16b3d350ac48ecb1cd3ddd') in 0.016692 seconds
Number of updated asset objects reloaded before import = 0
Number of asset objects unloaded after import = 10
========================================================================
Received Import Request.
  Time since last request: 0.000011 seconds.
  path: Assets/Street/Resources/Prefabs/Roofs.prefab
  artifactKey: Guid(7632c00b39b946d40854cc4ff3620e15) Importer(2089858483,0ecaa5967403d082aa24f35e1b516d23)
Start importing Assets/Street/Resources/Prefabs/Roofs.prefab using Guid(7632c00b39b946d40854cc4ff3620e15) Importer(2089858483,0ecaa5967403d082aa24f35e1b516d23) Generated GUIDs only implemented for interfaces!
 -> (artifact id: '7cd9178515ee16bff7bc27c47bfcbea4') in 0.008999 seconds
Number of updated asset objects reloaded before import = 0
Number of asset objects unloaded after import = 73
========================================================================
Received Import Request.
  Time since last request: 0.000013 seconds.
  path: Assets/Street/Resources/Assets/roof08.fbx
  artifactKey: Guid(0d9301c6050e8464f8675fc4e86723e4) Importer(2089858483,0ecaa5967403d082aa24f35e1b516d23)
Start importing Assets/Street/Resources/Assets/roof08.fbx using Guid(0d9301c6050e8464f8675fc4e86723e4) Importer(2089858483,0ecaa5967403d082aa24f35e1b516d23) Generated GUIDs only implemented for interfaces!
 -> (artifact id: 'a3dffa7b5384753589be18f5fecd9950') in 0.094786 seconds
Number of updated asset objects reloaded before import = 0
Number of asset objects unloaded after import = 678
========================================================================
Received Import Request.
  Time since last request: 0.000011 seconds.
  path: Assets/Standard Assets/CrossPlatformInput/Sprites/ButtonAcceleratorUpSprite.png
  artifactKey: Guid(f588d850485d0ae479d73cf3bd0b7b00) Importer(2089858483,0ecaa5967403d082aa24f35e1b516d23)
Start importing Assets/Standard Assets/CrossPlatformInput/Sprites/ButtonAcceleratorUpSprite.png using Guid(f588d850485d0ae479d73cf3bd0b7b00) Importer(2089858483,0ecaa5967403d082aa24f35e1b516d23) Generated GUIDs only implemented for interfaces!
 -> (artifact id: 'e6f9f94f15568fa378b06912a4b29846') in 0.018781 seconds
Number of updated asset objects reloaded before import = 0
Number of asset objects unloaded after import = 3
========================================================================
Received Import Request.
  Time since last request: 0.000009 seconds.
  path: Assets/Street/Resources/Assets/Materials/periodico.mat
  artifactKey: Guid(a4ab450384a6c8b45a27ef7a280c7a70) Importer(2089858483,0ecaa5967403d082aa24f35e1b516d23)
Start importing Assets/Street/Resources/Assets/Materials/periodico.mat using Guid(a4ab450384a6c8b45a27ef7a280c7a70) Importer(2089858483,0ecaa5967403d082aa24f35e1b516d23) Generated GUIDs only implemented for interfaces!
 -> (artifact id: '2d64765aec5c8e473edb585440f0b20c') in 0.009688 seconds
Number of updated asset objects reloaded before import = 0
Number of asset objects unloaded after import = 2
========================================================================
Received Import Request.
  Time since last request: 0.000011 seconds.
  path: Assets/Street/Resources/Assets/Materials/TejadoBloque5_2.mat
  artifactKey: Guid(8b5a96927fa278a4d9abbedb5bcf6ea6) Importer(2089858483,0ecaa5967403d082aa24f35e1b516d23)
Start importing Assets/Street/Resources/Assets/Materials/TejadoBloque5_2.mat using Guid(8b5a96927fa278a4d9abbedb5bcf6ea6) Importer(2089858483,0ecaa5967403d082aa24f35e1b516d23) Generated GUIDs only implemented for interfaces!
 -> (artifact id: 'aa18d75d4b14f16601c9cc124453e090') in 0.010051 seconds
Number of updated asset objects reloaded before import = 0
Number of asset objects unloaded after import = 2
========================================================================
Received Import Request.
  Time since last request: 0.000011 seconds.
  path: Assets/Street/Resources/Assets/Materials/Trafficlight-Material8.mat
  artifactKey: Guid(4c5f9c788add9c8409c3a91d374c274a) Importer(2089858483,0ecaa5967403d082aa24f35e1b516d23)
Start importing Assets/Street/Resources/Assets/Materials/Trafficlight-Material8.mat using Guid(4c5f9c788add9c8409c3a91d374c274a) Importer(2089858483,0ecaa5967403d082aa24f35e1b516d23) Generated GUIDs only implemented for interfaces!
 -> (artifact id: 'd2ba28ed7bb1da34e35302776fe0422b') in 0.009895 seconds
Number of updated asset objects reloaded before import = 0
Number of asset objects unloaded after import = 2
========================================================================
Received Import Request.
  Time since last request: 0.000012 seconds.
  path: Assets/Street/Resources/Assets/Materials/Suelo3.mat
  artifactKey: Guid(c7cf5260cc0316b40be4c27a39c34458) Importer(2089858483,0ecaa5967403d082aa24f35e1b516d23)
Start importing Assets/Street/Resources/Assets/Materials/Suelo3.mat using Guid(c7cf5260cc0316b40be4c27a39c34458) Importer(2089858483,0ecaa5967403d082aa24f35e1b516d23) Generated GUIDs only implemented for interfaces!
 -> (artifact id: 'dea467ea61c68850d22c185b3ef491a9') in 0.010738 seconds
Number of updated asset objects reloaded before import = 0
Number of asset objects unloaded after import = 2
========================================================================
Received Import Request.
  Time since last request: 0.000011 seconds.
  path: Assets/Street/Resources/Assets/Materials/TejadoBloque8_0.mat
  artifactKey: Guid(3c77b2614593c2c448f7a7cd34ba0c00) Importer(2089858483,0ecaa5967403d082aa24f35e1b516d23)
Start importing Assets/Street/Resources/Assets/Materials/TejadoBloque8_0.mat using Guid(3c77b2614593c2c448f7a7cd34ba0c00) Importer(2089858483,0ecaa5967403d082aa24f35e1b516d23) Generated GUIDs only implemented for interfaces!
 -> (artifact id: 'bca9271767e990cc6859dd21240616e7') in 0.010119 seconds
Number of updated asset objects reloaded before import = 0
Number of asset objects unloaded after import = 2
========================================================================
Received Import Request.
  Time since last request: 0.000036 seconds.
  path: Assets/Street/Resources/Assets/Materials/TejadoBlock05_5.mat
  artifactKey: Guid(25e3797018de2b54fbf327b9d7cc03a5) Importer(2089858483,0ecaa5967403d082aa24f35e1b516d23)
Start importing Assets/Street/Resources/Assets/Materials/TejadoBlock05_5.mat using Guid(25e3797018de2b54fbf327b9d7cc03a5) Importer(2089858483,0ecaa5967403d082aa24f35e1b516d23) Generated GUIDs only implemented for interfaces!
 -> (artifact id: '01ba9940b4f50bab41698fcdaac4e429') in 0.010831 seconds
Number of updated asset objects reloaded before import = 0
Number of asset objects unloaded after import = 2
========================================================================
Received Import Request.
  Time since last request: 0.000022 seconds.
  path: Assets/Street/Resources/Assets/Materials/TejadoBloque4_2.mat
  artifactKey: Guid(08ed09cb0d8eb424eada20986361ba30) Importer(2089858483,0ecaa5967403d082aa24f35e1b516d23)
Start importing Assets/Street/Resources/Assets/Materials/TejadoBloque4_2.mat using Guid(08ed09cb0d8eb424eada20986361ba30) Importer(2089858483,0ecaa5967403d082aa24f35e1b516d23) Generated GUIDs only implemented for interfaces!
 -> (artifact id: '41663ce400a101251c5ba0404123a318') in 0.010593 seconds
Number of updated asset objects reloaded before import = 0
Number of asset objects unloaded after import = 2
========================================================================
Received Import Request.
  Time since last request: 0.000010 seconds.
  path: Assets/Street/Resources/Assets/Materials/TejadoBlock03_4.mat
  artifactKey: Guid(0ac9d41b6683ea84db196d806e64ab3e) Importer(2089858483,0ecaa5967403d082aa24f35e1b516d23)
Start importing Assets/Street/Resources/Assets/Materials/TejadoBlock03_4.mat using Guid(0ac9d41b6683ea84db196d806e64ab3e) Importer(2089858483,0ecaa5967403d082aa24f35e1b516d23) Generated GUIDs only implemented for interfaces!
 -> (artifact id: 'e61d25ab32302d6f1afeca5a6f5124dd') in 0.011019 seconds
Number of updated asset objects reloaded before import = 0
Number of asset objects unloaded after import = 2
========================================================================
Received Import Request.
  Time since last request: 0.000012 seconds.
  path: Assets/Street/Resources/Assets/Materials/ultimosuelo.mat
  artifactKey: Guid(e21b55117a567244498532e1242930c5) Importer(2089858483,0ecaa5967403d082aa24f35e1b516d23)
Start importing Assets/Street/Resources/Assets/Materials/ultimosuelo.mat using Guid(e21b55117a567244498532e1242930c5) Importer(2089858483,0ecaa5967403d082aa24f35e1b516d23) Generated GUIDs only implemented for interfaces!
 -> (artifact id: 'ac50e0800e32e196bd1b53ec44e05af5') in 0.010644 seconds
Number of updated asset objects reloaded before import = 0
Number of asset objects unloaded after import = 2
========================================================================
Received Import Request.
  Time since last request: 0.000013 seconds.
  path: Assets/Street/Resources/Assets/Materials/tents_blocks_05-08_03.mat
  artifactKey: Guid(c84f50a210c194748ad80e0b13097f92) Importer(2089858483,0ecaa5967403d082aa24f35e1b516d23)
Start importing Assets/Street/Resources/Assets/Materials/tents_blocks_05-08_03.mat using Guid(c84f50a210c194748ad80e0b13097f92) Importer(2089858483,0ecaa5967403d082aa24f35e1b516d23) Generated GUIDs only implemented for interfaces!
 -> (artifact id: '373a5a38340a2c4a0a083529b03c8ed8') in 0.009947 seconds
Number of updated asset objects reloaded before import = 0
Number of asset objects unloaded after import = 2
========================================================================
Received Import Request.
  Time since last request: 0.000012 seconds.
  path: Assets/Street/Resources/Assets/Materials/Sewer-flatiron_bake_result19.mat
  artifactKey: Guid(0742aeb52e7dc62429322d171412c389) Importer(2089858483,0ecaa5967403d082aa24f35e1b516d23)
Start importing Assets/Street/Resources/Assets/Materials/Sewer-flatiron_bake_result19.mat using Guid(0742aeb52e7dc62429322d171412c389) Importer(2089858483,0ecaa5967403d082aa24f35e1b516d23) Generated GUIDs only implemented for interfaces!
 -> (artifact id: '3c7f9d3b5e16d54f3fa6ca5c7faba7f0') in 0.010599 seconds
Number of updated asset objects reloaded before import = 0
Number of asset objects unloaded after import = 2
========================================================================
Received Import Request.
  Time since last request: 0.000012 seconds.
  path: Assets/Street/Resources/Assets/Materials/Shops0130_2_M_01.mat
  artifactKey: Guid(f483de0650ce5ba4c904df0c8a3f6c2c) Importer(2089858483,0ecaa5967403d082aa24f35e1b516d23)
Start importing Assets/Street/Resources/Assets/Materials/Shops0130_2_M_01.mat using Guid(f483de0650ce5ba4c904df0c8a3f6c2c) Importer(2089858483,0ecaa5967403d082aa24f35e1b516d23) Generated GUIDs only implemented for interfaces!
 -> (artifact id: 'e85aba088d67cbe6d03447995dea5ddf') in 0.009855 seconds
Number of updated asset objects reloaded before import = 0
Number of asset objects unloaded after import = 2
========================================================================
Received Import Request.
  Time since last request: 0.000013 seconds.
  path: Assets/Street/Resources/Assets/Materials/semaforo-Material18.mat
  artifactKey: Guid(8c38c51dc612e8d46a23ac50e3d3b1f8) Importer(2089858483,0ecaa5967403d082aa24f35e1b516d23)
Start importing Assets/Street/Resources/Assets/Materials/semaforo-Material18.mat using Guid(8c38c51dc612e8d46a23ac50e3d3b1f8) Importer(2089858483,0ecaa5967403d082aa24f35e1b516d23) Generated GUIDs only implemented for interfaces!
 -> (artifact id: 'f07007de0281e7c1bace9454c1bf9073') in 0.009016 seconds
Number of updated asset objects reloaded before import = 0
Number of asset objects unloaded after import = 1
========================================================================
Received Import Request.
  Time since last request: 0.000013 seconds.
  path: Assets/Street/Resources/Assets/Materials/sign-motorola1.mat
  artifactKey: Guid(e5ca116cc5fbc0e40bd9e7f6a50ab787) Importer(2089858483,0ecaa5967403d082aa24f35e1b516d23)
Start importing Assets/Street/Resources/Assets/Materials/sign-motorola1.mat using Guid(e5ca116cc5fbc0e40bd9e7f6a50ab787) Importer(2089858483,0ecaa5967403d082aa24f35e1b516d23) Generated GUIDs only implemented for interfaces!
 -> (artifact id: 'bf577c9b855c6bc819e8f8b34478b169') in 0.010958 seconds
Number of updated asset objects reloaded before import = 0
Number of asset objects unloaded after import = 2
========================================================================
Received Import Request.
  Time since last request: 0.000019 seconds.
  path: Assets/Street/Resources/Assets/Materials/TejadoBlock02_3.mat
  artifactKey: Guid(96f5904f6dfa5b44ca01e95187a653aa) Importer(2089858483,0ecaa5967403d082aa24f35e1b516d23)
Start importing Assets/Street/Resources/Assets/Materials/TejadoBlock02_3.mat using Guid(96f5904f6dfa5b44ca01e95187a653aa) Importer(2089858483,0ecaa5967403d082aa24f35e1b516d23) Generated GUIDs only implemented for interfaces!
 -> (artifact id: '4b3565b85c6e388db430b8a450513ff2') in 0.010479 seconds
Number of updated asset objects reloaded before import = 0
Number of asset objects unloaded after import = 2
========================================================================
Received Import Request.
  Time since last request: 0.000015 seconds.
  path: Assets/Street/Resources/Assets/Materials/Shops0217_M_3.mat
  artifactKey: Guid(a2b80fe639cdaad4a8413a2da9902efe) Importer(2089858483,0ecaa5967403d082aa24f35e1b516d23)
Start importing Assets/Street/Resources/Assets/Materials/Shops0217_M_3.mat using Guid(a2b80fe639cdaad4a8413a2da9902efe) Importer(2089858483,0ecaa5967403d082aa24f35e1b516d23) Generated GUIDs only implemented for interfaces!
 -> (artifact id: 'a2148361a36a1056a9845648339ed5d7') in 0.009484 seconds
Number of updated asset objects reloaded before import = 0
Number of asset objects unloaded after import = 2
========================================================================
Received Import Request.
  Time since last request: 0.000015 seconds.
  path: Assets/Street/Resources/Assets/Materials/sign-cocacola2.mat
  artifactKey: Guid(4c20910ae00bf36499cda9fd69a1d829) Importer(2089858483,0ecaa5967403d082aa24f35e1b516d23)
Start importing Assets/Street/Resources/Assets/Materials/sign-cocacola2.mat using Guid(4c20910ae00bf36499cda9fd69a1d829) Importer(2089858483,0ecaa5967403d082aa24f35e1b516d23) Generated GUIDs only implemented for interfaces!
 -> (artifact id: 'a50e497099a19637c992380ee5bca40c') in 0.009512 seconds
Number of updated asset objects reloaded before import = 0
Number of asset objects unloaded after import = 2
========================================================================
Received Import Request.
  Time since last request: 0.000015 seconds.
  path: Assets/Street/Resources/Assets/Materials/TejadoAssetBlock01_7.mat
  artifactKey: Guid(2746e5bb1b4a38f4883f1c24d767b2e1) Importer(2089858483,0ecaa5967403d082aa24f35e1b516d23)
Start importing Assets/Street/Resources/Assets/Materials/TejadoAssetBlock01_7.mat using Guid(2746e5bb1b4a38f4883f1c24d767b2e1) Importer(2089858483,0ecaa5967403d082aa24f35e1b516d23) Generated GUIDs only implemented for interfaces!
 -> (artifact id: 'b3b2ea6e10370097e6329d5718d4fa20') in 0.010324 seconds
Number of updated asset objects reloaded before import = 0
Number of asset objects unloaded after import = 2
========================================================================
Received Import Request.
  Time since last request: 0.000014 seconds.
  path: Assets/Street/Resources/Assets/Materials/TejadoBloque7_2.mat
  artifactKey: Guid(62908ced56ed2104e9c9724893b4b0d8) Importer(2089858483,0ecaa5967403d082aa24f35e1b516d23)
Start importing Assets/Street/Resources/Assets/Materials/TejadoBloque7_2.mat using Guid(62908ced56ed2104e9c9724893b4b0d8) Importer(2089858483,0ecaa5967403d082aa24f35e1b516d23) Generated GUIDs only implemented for interfaces!
 -> (artifact id: '081b57834b63933f0f897e733f89daba') in 0.009810 seconds
Number of updated asset objects reloaded before import = 0
Number of asset objects unloaded after import = 2
========================================================================
Received Import Request.
  Time since last request: 0.000012 seconds.
  path: Assets/Street/Resources/Assets/Materials/TejadoBlock05_4.mat
  artifactKey: Guid(8df7e90f2a37523408787152c967a37f) Importer(2089858483,0ecaa5967403d082aa24f35e1b516d23)
Start importing Assets/Street/Resources/Assets/Materials/TejadoBlock05_4.mat using Guid(8df7e90f2a37523408787152c967a37f) Importer(2089858483,0ecaa5967403d082aa24f35e1b516d23) Generated GUIDs only implemented for interfaces!
 -> (artifact id: '0b693a9eac41e6e7b5adb88a237ca956') in 0.010567 seconds
Number of updated asset objects reloaded before import = 0
Number of asset objects unloaded after import = 2
========================================================================
Received Import Request.
  Time since last request: 0.000015 seconds.
  path: Assets/Street/Resources/Assets/Materials/TejadoBloque6_1.mat
  artifactKey: Guid(1a0e85118ed4fc64d9e0218ff646b93b) Importer(2089858483,0ecaa5967403d082aa24f35e1b516d23)
Start importing Assets/Street/Resources/Assets/Materials/TejadoBloque6_1.mat using Guid(1a0e85118ed4fc64d9e0218ff646b93b) Importer(2089858483,0ecaa5967403d082aa24f35e1b516d23) Generated GUIDs only implemented for interfaces!
 -> (artifact id: 'b5b6a24272e8805ecf0ad62fdc062841') in 0.010773 seconds
Number of updated asset objects reloaded before import = 0
Number of asset objects unloaded after import = 2
========================================================================
Received Import Request.
  Time since last request: 0.000011 seconds.
  path: Assets/Street/Resources/Assets/Materials/Scene_Material.mat
  artifactKey: Guid(8da9072851f553246a227f460acafd08) Importer(2089858483,0ecaa5967403d082aa24f35e1b516d23)
Start importing Assets/Street/Resources/Assets/Materials/Scene_Material.mat using Guid(8da9072851f553246a227f460acafd08) Importer(2089858483,0ecaa5967403d082aa24f35e1b516d23) Generated GUIDs only implemented for interfaces!
 -> (artifact id: '62c24488b15b961cf865238fc253edf1') in 0.011599 seconds
Number of updated asset objects reloaded before import = 0
Number of asset objects unloaded after import = 1
========================================================================
Received Import Request.
  Time since last request: 0.000011 seconds.
  path: Assets/Street/Resources/Assets/Materials/Tejado01Block01_4.mat
  artifactKey: Guid(2192e981c41b1234c9c3b1fb2483aec7) Importer(2089858483,0ecaa5967403d082aa24f35e1b516d23)
Start importing Assets/Street/Resources/Assets/Materials/Tejado01Block01_4.mat using Guid(2192e981c41b1234c9c3b1fb2483aec7) Importer(2089858483,0ecaa5967403d082aa24f35e1b516d23) Generated GUIDs only implemented for interfaces!
 -> (artifact id: '0773b628a2982e7d06bfc7088824dd23') in 0.010972 seconds
Number of updated asset objects reloaded before import = 0
Number of asset objects unloaded after import = 2
========================================================================
Received Import Request.
  Time since last request: 0.000013 seconds.
  path: Assets/Street/Resources/Assets/Materials/semaforo-Material8.mat
  artifactKey: Guid(2d2b53e98b15b3d478d9f851f6454e26) Importer(2089858483,0ecaa5967403d082aa24f35e1b516d23)
Start importing Assets/Street/Resources/Assets/Materials/semaforo-Material8.mat using Guid(2d2b53e98b15b3d478d9f851f6454e26) Importer(2089858483,0ecaa5967403d082aa24f35e1b516d23) Generated GUIDs only implemented for interfaces!
 -> (artifact id: 'f46cb66c7ddf3a13833896e18973fc8a') in 0.009766 seconds
Number of updated asset objects reloaded before import = 0
Number of asset objects unloaded after import = 2
========================================================================
Received Import Request.
  Time since last request: 0.000010 seconds.
  path: Assets/Street/Resources/Assets/Materials/TejadoBlock04_4.mat
  artifactKey: Guid(183730d96d0c5ee459c6930b0ea31320) Importer(2089858483,0ecaa5967403d082aa24f35e1b516d23)
Start importing Assets/Street/Resources/Assets/Materials/TejadoBlock04_4.mat using Guid(183730d96d0c5ee459c6930b0ea31320) Importer(2089858483,0ecaa5967403d082aa24f35e1b516d23) Generated GUIDs only implemented for interfaces!
 -> (artifact id: 'aabd419f166d27d7ec2b6c0423fc42ba') in 0.010422 seconds
Number of updated asset objects reloaded before import = 0
Number of asset objects unloaded after import = 2
========================================================================
Received Import Request.
  Time since last request: 0.000015 seconds.
  path: Assets/Street/Resources/Assets/Materials/tents_blocks_05-08_05.mat
  artifactKey: Guid(b6b3a7e10d8399c43afd995eea702017) Importer(2089858483,0ecaa5967403d082aa24f35e1b516d23)
Start importing Assets/Street/Resources/Assets/Materials/tents_blocks_05-08_05.mat using Guid(b6b3a7e10d8399c43afd995eea702017) Importer(2089858483,0ecaa5967403d082aa24f35e1b516d23) Generated GUIDs only implemented for interfaces!
 -> (artifact id: '8902cf60574fb2b679dbed59749c5438') in 0.010714 seconds
Number of updated asset objects reloaded before import = 0
Number of asset objects unloaded after import = 2
========================================================================
Received Import Request.
  Time since last request: 0.227037 seconds.
  path: Assets/Street/Resources/Assets/Pictures/aireup.jpg
  artifactKey: Guid(b13053f6826b22a4f9e269d287c601ff) Importer(2089858483,0ecaa5967403d082aa24f35e1b516d23)
Start importing Assets/Street/Resources/Assets/Pictures/aireup.jpg using Guid(b13053f6826b22a4f9e269d287c601ff) Importer(2089858483,0ecaa5967403d082aa24f35e1b516d23) Generated GUIDs only implemented for interfaces!
 -> (artifact id: 'ddc972e400d8797ff528c2118e3458c5') in 0.019501 seconds
Number of updated asset objects reloaded before import = 0
Number of asset objects unloaded after import = 1
========================================================================
Received Import Request.
  Time since last request: 0.000014 seconds.
  path: Assets/Street/Resources/Assets/Pictures/TejadoBlock04_4.jpg
  artifactKey: Guid(1e30cc35c3fed834995621c291636adf) Importer(2089858483,0ecaa5967403d082aa24f35e1b516d23)
Start importing Assets/Street/Resources/Assets/Pictures/TejadoBlock04_4.jpg using Guid(1e30cc35c3fed834995621c291636adf) Importer(2089858483,0ecaa5967403d082aa24f35e1b516d23) Generated GUIDs only implemented for interfaces!
 -> (artifact id: 'eddab3be4b1f20676fbb8163a4f53589') in 0.019325 seconds
Number of updated asset objects reloaded before import = 0
Number of asset objects unloaded after import = 1
========================================================================
Received Import Request.
  Time since last request: 0.000013 seconds.
  path: Assets/Street/Resources/Assets/Pictures/TejadoBloque7_3.jpg
  artifactKey: Guid(828df5f207db028458867d89457f48a7) Importer(2089858483,0ecaa5967403d082aa24f35e1b516d23)
Start importing Assets/Street/Resources/Assets/Pictures/TejadoBloque7_3.jpg using Guid(828df5f207db028458867d89457f48a7) Importer(2089858483,0ecaa5967403d082aa24f35e1b516d23) Generated GUIDs only implemented for interfaces!
 -> (artifact id: '9e748cce2f0115c61455d2a8774ecb0a') in 0.019249 seconds
Number of updated asset objects reloaded before import = 0
Number of asset objects unloaded after import = 1
========================================================================
Received Import Request.
  Time since last request: 0.000012 seconds.
  path: Assets/Street/Resources/Assets/Pictures/BuildingsHighRise0308_2_L.jpg
  artifactKey: Guid(6d2a3fbfdd2c39e4eaf0489dff610287) Importer(2089858483,0ecaa5967403d082aa24f35e1b516d23)
Start importing Assets/Street/Resources/Assets/Pictures/BuildingsHighRise0308_2_L.jpg using Guid(6d2a3fbfdd2c39e4eaf0489dff610287) Importer(2089858483,0ecaa5967403d082aa24f35e1b516d23) Generated GUIDs only implemented for interfaces!
 -> (artifact id: '40065c071ce0d4b29b5624d00f8ffa2d') in 0.019250 seconds
Number of updated asset objects reloaded before import = 0
Number of asset objects unloaded after import = 1
========================================================================
Received Import Request.
  Time since last request: 0.000018 seconds.
  path: Assets/Street/Resources/Assets/Pictures/BuildingsOrnate0034_L.jpg
  artifactKey: Guid(8a365a561633b1d46a7d6b5ff521935a) Importer(2089858483,0ecaa5967403d082aa24f35e1b516d23)
Start importing Assets/Street/Resources/Assets/Pictures/BuildingsOrnate0034_L.jpg using Guid(8a365a561633b1d46a7d6b5ff521935a) Importer(2089858483,0ecaa5967403d082aa24f35e1b516d23) Generated GUIDs only implemented for interfaces!
 -> (artifact id: 'd6703535de34a8927981ab6c363c2998') in 0.017875 seconds
Number of updated asset objects reloaded before import = 0
Number of asset objects unloaded after import = 1
========================================================================
Received Import Request.
  Time since last request: 0.000011 seconds.
  path: Assets/Street/Resources/Assets/Pictures/NoneCG_Logo_LightBck.png
  artifactKey: Guid(f1ab5845617bdc741bc86f723894b5a7) Importer(2089858483,0ecaa5967403d082aa24f35e1b516d23)
Start importing Assets/Street/Resources/Assets/Pictures/NoneCG_Logo_LightBck.png using Guid(f1ab5845617bdc741bc86f723894b5a7) Importer(2089858483,0ecaa5967403d082aa24f35e1b516d23) Generated GUIDs only implemented for interfaces!
 -> (artifact id: '208c95a05125f4b75309ccc4c4828115') in 0.018740 seconds
Number of updated asset objects reloaded before import = 0
Number of asset objects unloaded after import = 1
========================================================================
Received Import Request.
  Time since last request: 0.000013 seconds.
  path: Assets/Street/Resources/Assets/Pictures/Suelo6.jpg
  artifactKey: Guid(0098ae7e3f018b641b9cb7b37d077d80) Importer(2089858483,0ecaa5967403d082aa24f35e1b516d23)
Start importing Assets/Street/Resources/Assets/Pictures/Suelo6.jpg using Guid(0098ae7e3f018b641b9cb7b37d077d80) Importer(2089858483,0ecaa5967403d082aa24f35e1b516d23) Generated GUIDs only implemented for interfaces!
 -> (artifact id: '8ad9a0bbb92acb33ae94cf7f027e58d6') in 0.018027 seconds
Number of updated asset objects reloaded before import = 0
Number of asset objects unloaded after import = 1
========================================================================
Received Import Request.
  Time since last request: 0.000010 seconds.
  path: Assets/Street/Resources/Assets/Pictures/TejadoBloque8_0.jpg
  artifactKey: Guid(bebd7eddfcef8544b9711c6e4ee02e85) Importer(2089858483,0ecaa5967403d082aa24f35e1b516d23)
Start importing Assets/Street/Resources/Assets/Pictures/TejadoBloque8_0.jpg using Guid(bebd7eddfcef8544b9711c6e4ee02e85) Importer(2089858483,0ecaa5967403d082aa24f35e1b516d23) Generated GUIDs only implemented for interfaces!
 -> (artifact id: '3d2e2ead5993bc454b98241615b2dec5') in 0.018617 seconds
Number of updated asset objects reloaded before import = 0
Number of asset objects unloaded after import = 1
========================================================================
Received Import Request.
  Time since last request: 0.000013 seconds.
  path: Assets/Street/Resources/Assets/Pictures/TejadoBloque7_2.jpg
  artifactKey: Guid(5360b1a4987b4ac488dc6adf21ed610b) Importer(2089858483,0ecaa5967403d082aa24f35e1b516d23)
Start importing Assets/Street/Resources/Assets/Pictures/TejadoBloque7_2.jpg using Guid(5360b1a4987b4ac488dc6adf21ed610b) Importer(2089858483,0ecaa5967403d082aa24f35e1b516d23) Generated GUIDs only implemented for interfaces!
 -> (artifact id: 'f0646f4c577ab0d29c06ea9f4aa52183') in 0.018666 seconds
Number of updated asset objects reloaded before import = 0
Number of asset objects unloaded after import = 1
========================================================================
Received Import Request.
  Time since last request: 0.000013 seconds.
  path: Assets/Street/Resources/Assets/Pictures/light_wood_01.jpg
  artifactKey: Guid(2900b2fdda2098640b74b2dedfd28670) Importer(2089858483,0ecaa5967403d082aa24f35e1b516d23)
Start importing Assets/Street/Resources/Assets/Pictures/light_wood_01.jpg using Guid(2900b2fdda2098640b74b2dedfd28670) Importer(2089858483,0ecaa5967403d082aa24f35e1b516d23) Generated GUIDs only implemented for interfaces!
 -> (artifact id: '5901e92d768e94ae7766044333ec328a') in 0.018235 seconds
Number of updated asset objects reloaded before import = 0
Number of asset objects unloaded after import = 1
========================================================================
Received Import Request.
  Time since last request: 0.000021 seconds.
  path: Assets/Street/Resources/Assets/Pictures/TejadoBlock04_9.jpg
  artifactKey: Guid(0b5f39172d91916458cb83bb8fa50026) Importer(2089858483,0ecaa5967403d082aa24f35e1b516d23)
Start importing Assets/Street/Resources/Assets/Pictures/TejadoBlock04_9.jpg using Guid(0b5f39172d91916458cb83bb8fa50026) Importer(2089858483,0ecaa5967403d082aa24f35e1b516d23) Generated GUIDs only implemented for interfaces!
 -> (artifact id: '2ae9ccbf5b5d017695f950067d6c20f5') in 0.018843 seconds
Number of updated asset objects reloaded before import = 0
Number of asset objects unloaded after import = 1
========================================================================
Received Import Request.
  Time since last request: 0.000009 seconds.
  path: Assets/Street/Resources/Assets/Pictures/BuildingsHighRise0292_2_L.jpg
  artifactKey: Guid(f4bfbcd03064b0444b4aae25c2092441) Importer(2089858483,0ecaa5967403d082aa24f35e1b516d23)
Start importing Assets/Street/Resources/Assets/Pictures/BuildingsHighRise0292_2_L.jpg using Guid(f4bfbcd03064b0444b4aae25c2092441) Importer(2089858483,0ecaa5967403d082aa24f35e1b516d23) Generated GUIDs only implemented for interfaces!
 -> (artifact id: '41c8c30f70f900df5ec80e3636039cd8') in 0.017405 seconds
Number of updated asset objects reloaded before import = 0
Number of asset objects unloaded after import = 1
========================================================================
Received Import Request.
  Time since last request: 0.000021 seconds.
  path: Assets/Street/Resources/Assets/Pictures/Suelo3.jpg
  artifactKey: Guid(43905fa6095c5b74797722c731ba495a) Importer(2089858483,0ecaa5967403d082aa24f35e1b516d23)
Start importing Assets/Street/Resources/Assets/Pictures/Suelo3.jpg using Guid(43905fa6095c5b74797722c731ba495a) Importer(2089858483,0ecaa5967403d082aa24f35e1b516d23) Generated GUIDs only implemented for interfaces!
 -> (artifact id: 'f745e1f329f7cac6daef01e764ee6def') in 0.017728 seconds
Number of updated asset objects reloaded before import = 0
Number of asset objects unloaded after import = 1
========================================================================
Received Import Request.
  Time since last request: 0.000016 seconds.
  path: Assets/Street/Resources/Assets/Pictures/TejadoBlock05_2.jpg
  artifactKey: Guid(1be7b62b348555e4bae49449607e1fc2) Importer(2089858483,0ecaa5967403d082aa24f35e1b516d23)
Start importing Assets/Street/Resources/Assets/Pictures/TejadoBlock05_2.jpg using Guid(1be7b62b348555e4bae49449607e1fc2) Importer(2089858483,0ecaa5967403d082aa24f35e1b516d23) Generated GUIDs only implemented for interfaces!
 -> (artifact id: 'c964a9d408a3db8da7c377359e19cf11') in 0.018174 seconds
Number of updated asset objects reloaded before import = 0
Number of asset objects unloaded after import = 1
========================================================================
Received Import Request.
  Time since last request: 0.000043 seconds.
  path: Assets/Street/Resources/Assets/Pictures/Tejado01Block01_5.jpg
  artifactKey: Guid(dcb7d0b99e1f97a49b11b3b3a006e3ca) Importer(2089858483,0ecaa5967403d082aa24f35e1b516d23)
Start importing Assets/Street/Resources/Assets/Pictures/Tejado01Block01_5.jpg using Guid(dcb7d0b99e1f97a49b11b3b3a006e3ca) Importer(2089858483,0ecaa5967403d082aa24f35e1b516d23) Generated GUIDs only implemented for interfaces!
 -> (artifact id: 'f917c57844370c7282756ada1095aaac') in 0.018205 seconds
Number of updated asset objects reloaded before import = 0
Number of asset objects unloaded after import = 1
========================================================================
Received Import Request.
  Time since last request: 0.000016 seconds.
  path: Assets/Street/Resources/Assets/Pictures/TejadoAssetBlock01_6.jpg
  artifactKey: Guid(c7b4825bff3681a49b708e539120ff52) Importer(2089858483,0ecaa5967403d082aa24f35e1b516d23)
Start importing Assets/Street/Resources/Assets/Pictures/TejadoAssetBlock01_6.jpg using Guid(c7b4825bff3681a49b708e539120ff52) Importer(2089858483,0ecaa5967403d082aa24f35e1b516d23) Generated GUIDs only implemented for interfaces!
 -> (artifact id: '8a4ee3f39f3efff2b247b8fd59dda800') in 0.017614 seconds
Number of updated asset objects reloaded before import = 0
Number of asset objects unloaded after import = 1
========================================================================
Received Import Request.
  Time since last request: 0.000012 seconds.
  path: Assets/Street/Resources/Assets/Pictures/tejado_1.jpg
  artifactKey: Guid(2bc47a2da3235d54ba91000695e60c2a) Importer(2089858483,0ecaa5967403d082aa24f35e1b516d23)
Start importing Assets/Street/Resources/Assets/Pictures/tejado_1.jpg using Guid(2bc47a2da3235d54ba91000695e60c2a) Importer(2089858483,0ecaa5967403d082aa24f35e1b516d23) Generated GUIDs only implemented for interfaces!
 -> (artifact id: '20bdf829977cbc98ac7995b702c1617f') in 0.017277 seconds
Number of updated asset objects reloaded before import = 0
Number of asset objects unloaded after import = 1
========================================================================
Received Import Request.
  Time since last request: 0.000014 seconds.
  path: Assets/Street/Resources/Assets/Pictures/TejadoBlock05_0.jpg
  artifactKey: Guid(d3e7aa235382ae94b941064ed311e095) Importer(2089858483,0ecaa5967403d082aa24f35e1b516d23)
Start importing Assets/Street/Resources/Assets/Pictures/TejadoBlock05_0.jpg using Guid(d3e7aa235382ae94b941064ed311e095) Importer(2089858483,0ecaa5967403d082aa24f35e1b516d23) Generated GUIDs only implemented for interfaces!
 -> (artifact id: '28da7b750ad5f9c1117126030c14ccba') in 0.018010 seconds
Number of updated asset objects reloaded before import = 0
Number of asset objects unloaded after import = 1
========================================================================
Received Import Request.
  Time since last request: 0.000019 seconds.
  path: Assets/Street/Resources/Assets/Pictures/periodico.jpg
  artifactKey: Guid(32ac36caffcd3454f8eef95415eeac16) Importer(2089858483,0ecaa5967403d082aa24f35e1b516d23)
Start importing Assets/Street/Resources/Assets/Pictures/periodico.jpg using Guid(32ac36caffcd3454f8eef95415eeac16) Importer(2089858483,0ecaa5967403d082aa24f35e1b516d23) Generated GUIDs only implemented for interfaces!
 -> (artifact id: 'aa8d23b642e96d08926380b4e17e0db0') in 0.016987 seconds
Number of updated asset objects reloaded before import = 0
Number of asset objects unloaded after import = 1
========================================================================
Received Import Request.
  Time since last request: 0.000011 seconds.
  path: Assets/Street/Resources/Assets/Pictures/TejadoAssetBlock01_2.jpg
  artifactKey: Guid(51cb1a80b3e9cf344920100e93468c65) Importer(2089858483,0ecaa5967403d082aa24f35e1b516d23)
Start importing Assets/Street/Resources/Assets/Pictures/TejadoAssetBlock01_2.jpg using Guid(51cb1a80b3e9cf344920100e93468c65) Importer(2089858483,0ecaa5967403d082aa24f35e1b516d23) Generated GUIDs only implemented for interfaces!
 -> (artifact id: 'f84e334c1812830e6470f19b2ba20ce0') in 0.017587 seconds
Number of updated asset objects reloaded before import = 0
Number of asset objects unloaded after import = 1
========================================================================
Received Import Request.
  Time since last request: 0.000017 seconds.
  path: Assets/Street/Resources/Assets/Pictures/MetalBare0154_1_S_2.jpg
  artifactKey: Guid(746d06a165fb6eb4392ee814b4489aaa) Importer(2089858483,0ecaa5967403d082aa24f35e1b516d23)
Start importing Assets/Street/Resources/Assets/Pictures/MetalBare0154_1_S_2.jpg using Guid(746d06a165fb6eb4392ee814b4489aaa) Importer(2089858483,0ecaa5967403d082aa24f35e1b516d23) Generated GUIDs only implemented for interfaces!
 -> (artifact id: 'f6a776bde107241e1b50b2aeed54eb9d') in 0.019492 seconds
Number of updated asset objects reloaded before import = 0
Number of asset objects unloaded after import = 1
========================================================================
Received Import Request.
  Time since last request: 0.000012 seconds.
  path: Assets/Street/Resources/Assets/Pictures/poster_kolomensky_com.jpg
  artifactKey: Guid(2fbc90d64aeaa784ebff565b60271277) Importer(2089858483,0ecaa5967403d082aa24f35e1b516d23)
Start importing Assets/Street/Resources/Assets/Pictures/poster_kolomensky_com.jpg using Guid(2fbc90d64aeaa784ebff565b60271277) Importer(2089858483,0ecaa5967403d082aa24f35e1b516d23) Generated GUIDs only implemented for interfaces!
 -> (artifact id: 'e824e5318273b24044b6bff09329d6da') in 0.018845 seconds
Number of updated asset objects reloaded before import = 0
Number of asset objects unloaded after import = 1
========================================================================
Received Import Request.
  Time since last request: 0.000021 seconds.
  path: Assets/Street/Resources/Assets/Pictures/TejadoAssetBlock01_7.jpg
  artifactKey: Guid(dfee714abc98db54db1f210d8730d058) Importer(2089858483,0ecaa5967403d082aa24f35e1b516d23)
Start importing Assets/Street/Resources/Assets/Pictures/TejadoAssetBlock01_7.jpg using Guid(dfee714abc98db54db1f210d8730d058) Importer(2089858483,0ecaa5967403d082aa24f35e1b516d23) Generated GUIDs only implemented for interfaces!
 -> (artifact id: 'd69fbaf9b3bd7193b279bfe436b605f9') in 0.018381 seconds
Number of updated asset objects reloaded before import = 0
Number of asset objects unloaded after import = 1
========================================================================
Received Import Request.
  Time since last request: 0.000012 seconds.
  path: Assets/Street/Resources/Assets/Pictures/billboard16.jpg
  artifactKey: Guid(0128c6b0ec61252408e72bd8f5247de4) Importer(2089858483,0ecaa5967403d082aa24f35e1b516d23)
Start importing Assets/Street/Resources/Assets/Pictures/billboard16.jpg using Guid(0128c6b0ec61252408e72bd8f5247de4) Importer(2089858483,0ecaa5967403d082aa24f35e1b516d23) Generated GUIDs only implemented for interfaces!
 -> (artifact id: 'b631680f83d7c934a272ed5efe501c6b') in 0.018758 seconds
Number of updated asset objects reloaded before import = 0
Number of asset objects unloaded after import = 1
========================================================================
Received Import Request.
  Time since last request: 0.000012 seconds.
  path: Assets/Street/Resources/Assets/Pictures/Billboard01.jpg
  artifactKey: Guid(50c0770df5a1ef740990e828c056b8c1) Importer(2089858483,0ecaa5967403d082aa24f35e1b516d23)
Start importing Assets/Street/Resources/Assets/Pictures/Billboard01.jpg using Guid(50c0770df5a1ef740990e828c056b8c1) Importer(2089858483,0ecaa5967403d082aa24f35e1b516d23) Generated GUIDs only implemented for interfaces!
 -> (artifact id: 'ed6b78f31465d7bd8a36a8635aab1e5b') in 0.017376 seconds
Number of updated asset objects reloaded before import = 0
Number of asset objects unloaded after import = 1
========================================================================
Received Import Request.
  Time since last request: 0.025818 seconds.
  path: Assets/Street/Resources/Assets/Pictures/tents_blocks_05-08_05.jpg
  artifactKey: Guid(8e434083375f6ba42b5c7068971976e4) Importer(2089858483,0ecaa5967403d082aa24f35e1b516d23)
Start importing Assets/Street/Resources/Assets/Pictures/tents_blocks_05-08_05.jpg using Guid(8e434083375f6ba42b5c7068971976e4) Importer(2089858483,0ecaa5967403d082aa24f35e1b516d23) Generated GUIDs only implemented for interfaces!
 -> (artifact id: '6978314d06202abc14d51eb9355b062e') in 0.017329 seconds
Number of updated asset objects reloaded before import = 0
Number of asset objects unloaded after import = 1
========================================================================
Received Import Request.
  Time since last request: 0.000012 seconds.
  path: Assets/Street/Resources/Assets/Pictures/ultimosuelo.jpg
  artifactKey: Guid(fd8ee9bc1836d4443abfa6a0460f8217) Importer(2089858483,0ecaa5967403d082aa24f35e1b516d23)
Start importing Assets/Street/Resources/Assets/Pictures/ultimosuelo.jpg using Guid(fd8ee9bc1836d4443abfa6a0460f8217) Importer(2089858483,0ecaa5967403d082aa24f35e1b516d23) Generated GUIDs only implemented for interfaces!
 -> (artifact id: 'bb86f41707fda297a924491c133b6a2f') in 0.018601 seconds
Number of updated asset objects reloaded before import = 0
Number of asset objects unloaded after import = 1
========================================================================
Received Import Request.
  Time since last request: 0.000017 seconds.
  path: Assets/Street/Resources/Trees/Sources/Materials/tree_03_alphaa.tif
  artifactKey: Guid(0bd71ab3ae3035b469b9b87c93aebb64) Importer(2089858483,0ecaa5967403d082aa24f35e1b516d23)
Start importing Assets/Street/Resources/Trees/Sources/Materials/tree_03_alphaa.tif using Guid(0bd71ab3ae3035b469b9b87c93aebb64) Importer(2089858483,0ecaa5967403d082aa24f35e1b516d23) Generated GUIDs only implemented for interfaces!
 -> (artifact id: 'a660b4ba5f9ff6aed47a32600435bb1e') in 0.017685 seconds
Number of updated asset objects reloaded before import = 0
Number of asset objects unloaded after import = 1
========================================================================
Received Import Request.
  Time since last request: 0.000029 seconds.
  path: Assets/Street/Resources/Assets/Materials/Skyboxes/Sunny1 Skybox.mat
  artifactKey: Guid(a2126534b3a11b34e977105bd9e3cc03) Importer(2089858483,0ecaa5967403d082aa24f35e1b516d23)
Start importing Assets/Street/Resources/Assets/Materials/Skyboxes/Sunny1 Skybox.mat using Guid(a2126534b3a11b34e977105bd9e3cc03) Importer(2089858483,0ecaa5967403d082aa24f35e1b516d23) Generated GUIDs only implemented for interfaces!
 -> (artifact id: 'eec8aa28eafd9e417f2e74dbcc9f14fa') in 0.012685 seconds
Number of updated asset objects reloaded before import = 0
Number of asset objects unloaded after import = 7
========================================================================
Received Import Request.
  Time since last request: 0.000011 seconds.
  path: Assets/Street/Resources/Trees/Sources/Materials/BigTree_bark.mat
  artifactKey: Guid(efa98d27390e79d4db284aeb5e60d4b9) Importer(2089858483,0ecaa5967403d082aa24f35e1b516d23)
Start importing Assets/Street/Resources/Trees/Sources/Materials/BigTree_bark.mat using Guid(efa98d27390e79d4db284aeb5e60d4b9) Importer(2089858483,0ecaa5967403d082aa24f35e1b516d23) Generated GUIDs only implemented for interfaces!
 -> (artifact id: '7101730e4a9ff543998ce99b0fe3cca6') in 0.053218 seconds
Number of updated asset objects reloaded before import = 0
Number of asset objects unloaded after import = 3
Editor requested this worker to shutdown with reason: Scaling down because of idle timeout
TcpMessagingSession - receive error: operation aborted. errorcode: 995, details: A operao de E/S foi cancelada devido a uma sada do mdulo ou a um pedido da aplicao.
AssetImportWorker is now disconnected from the server
Process exiting
Exiting without the bug reporter. Application will terminate with return code 0