Using pre-set license
Built from '2022.3/staging' branch; Version is '2022.3.10f1 (ff3792e53c62) revision 16725906'; Using compiler version '192829333'; Build Type 'Release'
OS: 'Windows 11  (10.0.22631) 64bit Core' Language: 'pt' Physical Memory: 32581 MB
BatchMode: 1, IsHumanControllingUs: 0, StartBugReporterOnCrash: 0, Is64bit: 1, IsPro: 1

COMMAND LINE ARGUMENTS:
C:\Program Files\Unity\Hub\Editor\2022.3.10f1\Editor\Unity.exe
-adb2
-batchMode
-noUpm
-name
AssetImportWorker2
-projectPath
C:/DesigndeJogosDigitais/DJD/3ano/AI/Crowd-Simulation/Crowd-Simulation
-logFile
Logs/AssetImportWorker2.log
-srvPort
49978
Successfully changed project path to: C:/DesigndeJogosDigitais/DJD/3ano/AI/Crowd-Simulation/Crowd-Simulation
C:/DesigndeJogosDigitais/DJD/3ano/AI/Crowd-Simulation/Crowd-Simulation
[UnityMemory] Configuration Parameters - Can be set up in boot.config
    "memorysetup-bucket-allocator-granularity=16"
    "memorysetup-bucket-allocator-bucket-count=8"
    "memorysetup-bucket-allocator-block-size=33554432"
    "memorysetup-bucket-allocator-block-count=8"
    "memorysetup-main-allocator-block-size=16777216"
    "memorysetup-thread-allocator-block-size=16777216"
    "memorysetup-gfx-main-allocator-block-size=16777216"
    "memorysetup-gfx-thread-allocator-block-size=16777216"
    "memorysetup-cache-allocator-block-size=4194304"
    "memorysetup-typetree-allocator-block-size=2097152"
    "memorysetup-profiler-bucket-allocator-granularity=16"
    "memorysetup-profiler-bucket-allocator-bucket-count=8"
    "memorysetup-profiler-bucket-allocator-block-size=33554432"
    "memorysetup-profiler-bucket-allocator-block-count=8"
    "memorysetup-profiler-allocator-block-size=16777216"
    "memorysetup-profiler-editor-allocator-block-size=1048576"
    "memorysetup-temp-allocator-size-main=16777216"
    "memorysetup-job-temp-allocator-block-size=2097152"
    "memorysetup-job-temp-allocator-block-size-background=1048576"
    "memorysetup-job-temp-allocator-reduction-small-platforms=262144"
    "memorysetup-allocator-temp-initial-block-size-main=262144"
    "memorysetup-allocator-temp-initial-block-size-worker=262144"
    "memorysetup-temp-allocator-size-background-worker=32768"
    "memorysetup-temp-allocator-size-job-worker=262144"
    "memorysetup-temp-allocator-size-preload-manager=33554432"
    "memorysetup-temp-allocator-size-nav-mesh-worker=65536"
    "memorysetup-temp-allocator-size-audio-worker=65536"
    "memorysetup-temp-allocator-size-cloud-worker=32768"
    "memorysetup-temp-allocator-size-gi-baking-worker=262144"
    "memorysetup-temp-allocator-size-gfx=262144"
Player connection [35220] Host "[IP] 192.168.1.191 [Port] 0 [Flags] 2 [Guid] 1771753798 [EditorId] 1771753798 [Version] 1048832 [Id] WindowsEditor(7,DESKTOP-J21O758) [Debug] 1 [PackageName] WindowsEditor [ProjectName] Editor" joined multi-casting on [225.0.0.222:54997]...

Player connection [35220] Host "[IP] 192.168.1.191 [Port] 0 [Flags] 2 [Guid] 1771753798 [EditorId] 1771753798 [Version] 1048832 [Id] WindowsEditor(7,DESKTOP-J21O758) [Debug] 1 [PackageName] WindowsEditor [ProjectName] Editor" joined alternative multi-casting on [225.0.0.222:34997]...

[Physics::Module] Initialized MultithreadedJobDispatcher with 23 workers.
Refreshing native plugins compatible for Editor in 3.98 ms, found 3 plugins.
Preloading 0 native plugins for Editor in 0.00 ms.
Initialize engine version: 2022.3.10f1 (ff3792e53c62)
[Subsystems] Discovering subsystems at path C:/Program Files/Unity/Hub/Editor/2022.3.10f1/Editor/Data/Resources/UnitySubsystems
[Subsystems] Discovering subsystems at path C:/DesigndeJogosDigitais/DJD/3ano/AI/Crowd-Simulation/Crowd-Simulation/Assets
GfxDevice: creating device client; threaded=0; jobified=0
Direct3D:
    Version:  Direct3D 11.0 [level 11.1]
    Renderer: NVIDIA GeForce RTX 4070 (ID=0x2786)
    Vendor:   NVIDIA
    VRAM:     12012 MB
    Driver:   32.0.15.6603
Initialize mono
Mono path[0] = 'C:/Program Files/Unity/Hub/Editor/2022.3.10f1/Editor/Data/Managed'
Mono path[1] = 'C:/Program Files/Unity/Hub/Editor/2022.3.10f1/Editor/Data/MonoBleedingEdge/lib/mono/unityjit-win32'
Mono config path = 'C:/Program Files/Unity/Hub/Editor/2022.3.10f1/Editor/Data/MonoBleedingEdge/etc'
Using monoOptions --debugger-agent=transport=dt_socket,embedding=1,server=y,suspend=n,address=127.0.0.1:56792
Begin MonoManager ReloadAssembly
Registering precompiled unity dll's ...
Register platform support module: C:/Program Files/Unity/Hub/Editor/2022.3.10f1/Editor/Data/PlaybackEngines/WebGLSupport/UnityEditor.WebGL.Extensions.dll
Register platform support module: C:/Program Files/Unity/Hub/Editor/2022.3.10f1/Editor/Data/PlaybackEngines/AndroidPlayer/UnityEditor.Android.Extensions.dll
Register platform support module: C:/Program Files/Unity/Hub/Editor/2022.3.10f1/Editor/Data/PlaybackEngines/WindowsStandaloneSupport/UnityEditor.WindowsStandalone.Extensions.dll
Registered in 0.005654 seconds.
- Loaded All Assemblies, in  0.255 seconds
Native extension for WindowsStandalone target not found
Native extension for Android target not found
Android Extension - Scanning For ADB Devices 208 ms
Native extension for WebGL target not found
Mono: successfully reloaded assembly
- Finished resetting the current domain, in  0.425 seconds
Domain Reload Profiling: 679ms
	BeginReloadAssembly (77ms)
		ExecutionOrderSort (0ms)
		DisableScriptedObjects (0ms)
		BackupInstance (0ms)
		ReleaseScriptingObjects (0ms)
		CreateAndSetChildDomain (0ms)
	RebuildCommonClasses (25ms)
	RebuildNativeTypeToScriptingClass (6ms)
	initialDomainReloadingComplete (41ms)
	LoadAllAssembliesAndSetupDomain (105ms)
		LoadAssemblies (77ms)
		RebuildTransferFunctionScriptingTraits (0ms)
		AnalyzeDomain (103ms)
			TypeCache.Refresh (102ms)
				TypeCache.ScanAssembly (91ms)
			ScanForSourceGeneratedMonoScriptInfo (0ms)
			ResolveRequiredComponents (0ms)
	FinalizeReload (425ms)
		ReleaseScriptCaches (0ms)
		RebuildScriptCaches (0ms)
		SetupLoadedEditorAssemblies (390ms)
			LogAssemblyErrors (0ms)
			InitializePlatformSupportModulesInManaged (294ms)
			SetLoadedEditorAssemblies (3ms)
			RefreshPlugins (0ms)
			BeforeProcessingInitializeOnLoad (2ms)
			ProcessInitializeOnLoadAttributes (61ms)
			ProcessInitializeOnLoadMethodAttributes (30ms)
			AfterProcessingInitializeOnLoad (0ms)
			EditorAssembliesLoaded (0ms)
		ExecutionOrderSort2 (0ms)
		AwakeInstancesAfterBackupRestoration (0ms)
========================================================================
Worker process is ready to serve import requests
Begin MonoManager ReloadAssembly
- Loaded All Assemblies, in  0.432 seconds
Refreshing native plugins compatible for Editor in 1.36 ms, found 3 plugins.
Native extension for WindowsStandalone target not found
Native extension for Android target not found
Native extension for WebGL target not found
Package Manager log level set to [2]
[Package Manager] Server::EnsureServerProcessIsRunning -- launch failed, reason: Unity was launched with the -noUpm command-line argument
[Package Manager] UpmClient::Send -- Unable to send message (not connected to UPM process).
[Package Manager] Cannot connect to Unity Package Manager local server
Mono: successfully reloaded assembly
- Finished resetting the current domain, in  0.404 seconds
Domain Reload Profiling: 834ms
	BeginReloadAssembly (95ms)
		ExecutionOrderSort (0ms)
		DisableScriptedObjects (5ms)
		BackupInstance (0ms)
		ReleaseScriptingObjects (0ms)
		CreateAndSetChildDomain (14ms)
	RebuildCommonClasses (21ms)
	RebuildNativeTypeToScriptingClass (6ms)
	initialDomainReloadingComplete (27ms)
	LoadAllAssembliesAndSetupDomain (280ms)
		LoadAssemblies (214ms)
		RebuildTransferFunctionScriptingTraits (0ms)
		AnalyzeDomain (122ms)
			TypeCache.Refresh (108ms)
				TypeCache.ScanAssembly (94ms)
			ScanForSourceGeneratedMonoScriptInfo (10ms)
			ResolveRequiredComponents (2ms)
	FinalizeReload (404ms)
		ReleaseScriptCaches (0ms)
		RebuildScriptCaches (0ms)
		SetupLoadedEditorAssemblies (296ms)
			LogAssemblyErrors (0ms)
			InitializePlatformSupportModulesInManaged (18ms)
			SetLoadedEditorAssemblies (3ms)
			RefreshPlugins (0ms)
			BeforeProcessingInitializeOnLoad (38ms)
			ProcessInitializeOnLoadAttributes (222ms)
			ProcessInitializeOnLoadMethodAttributes (12ms)
			AfterProcessingInitializeOnLoad (3ms)
			EditorAssembliesLoaded (0ms)
		ExecutionOrderSort2 (0ms)
		AwakeInstancesAfterBackupRestoration (5ms)
Launched and connected shader compiler UnityShaderCompiler.exe after 0.04 seconds
Refreshing native plugins compatible for Editor in 2.41 ms, found 3 plugins.
Preloading 0 native plugins for Editor in 0.00 ms.
Unloading 3168 Unused Serialized files (Serialized files now loaded: 0)
Unloading 31 unused Assets / (56.5 KB). Loaded Objects now: 3646.
Memory consumption went from 124.8 MB to 124.8 MB.
Total: 3.289500 ms (FindLiveObjects: 0.211000 ms CreateObjectMapping: 0.098800 ms MarkObjects: 2.872000 ms  DeleteObjects: 0.106500 ms)

AssetImportParameters requested are different than current active one (requested -> active):
  custom:container-demuxer-ogg: 62fdf1f143b41e24485cea50d1cbac27 -> 
  custom:video-codec-MediaFoundation-h265: 746d11721c4dcdbdad8f713fa42b33f4 -> 
  custom:video-decoder-ogg-theora: a1e56fd34408186e4bbccfd4996cb3dc -> 
  custom:framework-win-MediaFoundation: 216162199b28c13a410421893ffa2e32 -> 
  custom:CustomObjectIndexerAttribute: 756ad292c208cfabdd7b50bc23989ffe -> 
  custom:container-demuxer-webm: 4f35f7cbe854078d1ac9338744f61a02 -> 
  custom:container-muxer-webm: aa71ff27fc2769a1b78a27578f13a17b -> 
  custom:video-decoder-webm-vp8: 9c59270c3fd7afecdb556c50c9e8de78 -> 
  custom:scripting/monoscript/fileName/AIControl.cs: e8f77f6dc450296cd45b88328a1c51fa -> 479750ea2de57e6e6e5d7552211ad31d
  custom:SearchIndexIgnoredProperties: e643bd26f0fe6173181afceb89e7c659 -> 
  custom:AudioImporter_EditorPlatform: d09bf68614088b80899f8185d706f6e7 -> 
  custom:video-encoder-webm-vp8: eb34c28f22e8b96e1ab97ce403110664 -> 
  custom:audio-decoder-ogg-vorbis: bf7c407c2cedff20999df2af8eb42d56 -> 
  custom:audio-encoder-webm-vorbis: bf7c407c2cedff20999df2af8eb42d56 -> 
========================================================================
Received Import Request.
  Time since last request: 31830.613056 seconds.
  path: Assets/People/Girl_5.fbm/Girl_5_Bottom_Gloss.png
  artifactKey: Guid(4c512dbcf42034916bef752bd4535241) Importer(2089858483,0ecaa5967403d082aa24f35e1b516d23)
Start importing Assets/People/Girl_5.fbm/Girl_5_Bottom_Gloss.png using Guid(4c512dbcf42034916bef752bd4535241) Importer(2089858483,0ecaa5967403d082aa24f35e1b516d23) Generated GUIDs only implemented for interfaces!
 -> (artifact id: '3ad86d8063cad4e6302dd4ff3a9d5462') in 0.118888 seconds
Number of updated asset objects reloaded before import = 0
Number of asset objects unloaded after import = 1
========================================================================
Received Import Request.
  Time since last request: 0.000074 seconds.
  path: Assets/People/Materials/Male_2_Hair_Diffuse.mat
  artifactKey: Guid(9295a5eddc8ec4295824690f51f8fe33) Importer(2089858483,0ecaa5967403d082aa24f35e1b516d23)
Start importing Assets/People/Materials/Male_2_Hair_Diffuse.mat using Guid(9295a5eddc8ec4295824690f51f8fe33) Importer(2089858483,0ecaa5967403d082aa24f35e1b516d23) Generated GUIDs only implemented for interfaces!
 -> (artifact id: '5021947cfc83d9047c6f2f6adad50a8b') in 0.018074 seconds
Number of updated asset objects reloaded before import = 0
Number of asset objects unloaded after import = 3
========================================================================
Received Import Request.
  Time since last request: 0.000014 seconds.
  path: Assets/People/regina@Dwarf Idle.fbm/Regina_Bottom_Gloss.png
  artifactKey: Guid(3bff06c02ca424ae0afbae23beb4fd79) Importer(2089858483,0ecaa5967403d082aa24f35e1b516d23)
Start importing Assets/People/regina@Dwarf Idle.fbm/Regina_Bottom_Gloss.png using Guid(3bff06c02ca424ae0afbae23beb4fd79) Importer(2089858483,0ecaa5967403d082aa24f35e1b516d23) Generated GUIDs only implemented for interfaces!
 -> (artifact id: 'd250968f47700d0eec7de82bdf56fa5b') in 0.020004 seconds
Number of updated asset objects reloaded before import = 0
Number of asset objects unloaded after import = 1
========================================================================
Received Import Request.
  Time since last request: 0.000011 seconds.
  path: Assets/People/Materials/Girl_5_Body_Diffuse.mat
  artifactKey: Guid(b816d31f395454d7f83d1d6e28c0aebc) Importer(2089858483,0ecaa5967403d082aa24f35e1b516d23)
Start importing Assets/People/Materials/Girl_5_Body_Diffuse.mat using Guid(b816d31f395454d7f83d1d6e28c0aebc) Importer(2089858483,0ecaa5967403d082aa24f35e1b516d23) Generated GUIDs only implemented for interfaces!
 -> (artifact id: '429d796974bbdb2589158a6bb1623f3f') in 0.014134 seconds
Number of updated asset objects reloaded before import = 0
Number of asset objects unloaded after import = 3
========================================================================
Received Import Request.
  Time since last request: 0.000015 seconds.
  path: Assets/People/Materials/Male_3_Beard_Diffuse.mat
  artifactKey: Guid(776a3ebecd85549cd851c4f14d9360d7) Importer(2089858483,0ecaa5967403d082aa24f35e1b516d23)
Start importing Assets/People/Materials/Male_3_Beard_Diffuse.mat using Guid(776a3ebecd85549cd851c4f14d9360d7) Importer(2089858483,0ecaa5967403d082aa24f35e1b516d23) Generated GUIDs only implemented for interfaces!
 -> (artifact id: '4a1d3d14e36fb16be047aabb8c3a25c6') in 0.009835 seconds
Number of updated asset objects reloaded before import = 0
Number of asset objects unloaded after import = 3
========================================================================
Received Import Request.
  Time since last request: 0.000013 seconds.
  path: Assets/People/Materials/Brutius_Bottom_Diffuse.mat
  artifactKey: Guid(9fa817d86ac584c468d6d83f2a8c7317) Importer(2089858483,0ecaa5967403d082aa24f35e1b516d23)
Start importing Assets/People/Materials/Brutius_Bottom_Diffuse.mat using Guid(9fa817d86ac584c468d6d83f2a8c7317) Importer(2089858483,0ecaa5967403d082aa24f35e1b516d23) Generated GUIDs only implemented for interfaces!
 -> (artifact id: '17e26aad09caa063cf7ec31adae26b77') in 0.010636 seconds
Number of updated asset objects reloaded before import = 0
Number of asset objects unloaded after import = 3
========================================================================
Received Import Request.
  Time since last request: 0.000012 seconds.
  path: Assets/People/Materials/Girl_1_Bottom_Diffuse.mat
  artifactKey: Guid(254e19b5a683d4b708c2dcd074ccce5d) Importer(2089858483,0ecaa5967403d082aa24f35e1b516d23)
Start importing Assets/People/Materials/Girl_1_Bottom_Diffuse.mat using Guid(254e19b5a683d4b708c2dcd074ccce5d) Importer(2089858483,0ecaa5967403d082aa24f35e1b516d23) Generated GUIDs only implemented for interfaces!
 -> (artifact id: 'a89a505322bc4524ca1139a10c84e2d7') in 0.010405 seconds
Number of updated asset objects reloaded before import = 0
Number of asset objects unloaded after import = 3
========================================================================
Received Import Request.
  Time since last request: 0.000016 seconds.
  path: Assets/People/Male_3.fbm/Male_3_Shoes_Opacity.png
  artifactKey: Guid(9d46bcebc4e654660955c8a0f2c43131) Importer(2089858483,0ecaa5967403d082aa24f35e1b516d23)
Start importing Assets/People/Male_3.fbm/Male_3_Shoes_Opacity.png using Guid(9d46bcebc4e654660955c8a0f2c43131) Importer(2089858483,0ecaa5967403d082aa24f35e1b516d23) Generated GUIDs only implemented for interfaces!
 -> (artifact id: '4e75bcefc61c8f9be9a16841713aa27d') in 0.017554 seconds
Number of updated asset objects reloaded before import = 0
Number of asset objects unloaded after import = 1
========================================================================
Received Import Request.
  Time since last request: 0.000011 seconds.
  path: Assets/People/Materials/Male_2_Body_Diffuse.mat
  artifactKey: Guid(7a2680bdc9920417398c1af1abe24fe9) Importer(2089858483,0ecaa5967403d082aa24f35e1b516d23)
Start importing Assets/People/Materials/Male_2_Body_Diffuse.mat using Guid(7a2680bdc9920417398c1af1abe24fe9) Importer(2089858483,0ecaa5967403d082aa24f35e1b516d23) Generated GUIDs only implemented for interfaces!
 -> (artifact id: 'b1d0268976337ea34b18ed35f40b9bc8') in 0.009682 seconds
Number of updated asset objects reloaded before import = 0
Number of asset objects unloaded after import = 3
========================================================================
Received Import Request.
  Time since last request: 0.000013 seconds.
  path: Assets/People/Materials/Girl_3_Body_Diffuse.mat
  artifactKey: Guid(e5fdad638f07848ba85b19fc48cf9541) Importer(2089858483,0ecaa5967403d082aa24f35e1b516d23)
Start importing Assets/People/Materials/Girl_3_Body_Diffuse.mat using Guid(e5fdad638f07848ba85b19fc48cf9541) Importer(2089858483,0ecaa5967403d082aa24f35e1b516d23) Generated GUIDs only implemented for interfaces!
 -> (artifact id: '953c9d20dceecd2f0cb39ea23b4b888f') in 0.011648 seconds
Number of updated asset objects reloaded before import = 0
Number of asset objects unloaded after import = 3
========================================================================
Received Import Request.
  Time since last request: 0.000017 seconds.
  path: Assets/People/Materials/FunkeyMonkey_Beard_Diffuse.mat
  artifactKey: Guid(7019ed1ff153b4f0e9cf2f93c461152e) Importer(2089858483,0ecaa5967403d082aa24f35e1b516d23)
Start importing Assets/People/Materials/FunkeyMonkey_Beard_Diffuse.mat using Guid(7019ed1ff153b4f0e9cf2f93c461152e) Importer(2089858483,0ecaa5967403d082aa24f35e1b516d23) Generated GUIDs only implemented for interfaces!
 -> (artifact id: '900af897aa9360ffcfa1a66945c10682') in 0.010026 seconds
Number of updated asset objects reloaded before import = 0
Number of asset objects unloaded after import = 3
========================================================================
Received Import Request.
  Time since last request: 0.000010 seconds.
  path: Assets/People/Materials/Male_3_Hair_Diffuse.mat
  artifactKey: Guid(d678e1431ac984d20a133ebed63c08f0) Importer(2089858483,0ecaa5967403d082aa24f35e1b516d23)
Start importing Assets/People/Materials/Male_3_Hair_Diffuse.mat using Guid(d678e1431ac984d20a133ebed63c08f0) Importer(2089858483,0ecaa5967403d082aa24f35e1b516d23) Generated GUIDs only implemented for interfaces!
 -> (artifact id: '28051212916aad5d63ddb5d4d9795031') in 0.010146 seconds
Number of updated asset objects reloaded before import = 0
Number of asset objects unloaded after import = 3
========================================================================
Received Import Request.
  Time since last request: 0.000018 seconds.
  path: Assets/People/Materials/Girl_4_Bottom_Diffuse.mat
  artifactKey: Guid(d63aaa1193c544dfbb137ceffa5cb679) Importer(2089858483,0ecaa5967403d082aa24f35e1b516d23)
Start importing Assets/People/Materials/Girl_4_Bottom_Diffuse.mat using Guid(d63aaa1193c544dfbb137ceffa5cb679) Importer(2089858483,0ecaa5967403d082aa24f35e1b516d23) Generated GUIDs only implemented for interfaces!
 -> (artifact id: 'edbc02dbf47664a31ff5c38f3113bde2') in 0.010868 seconds
Number of updated asset objects reloaded before import = 0
Number of asset objects unloaded after import = 3
========================================================================
Received Import Request.
  Time since last request: 0.000012 seconds.
  path: Assets/People/Materials/Regina_Hair_Diffuse.mat
  artifactKey: Guid(0da0855ae2cb74b50a59db3ce852e242) Importer(2089858483,0ecaa5967403d082aa24f35e1b516d23)
Start importing Assets/People/Materials/Regina_Hair_Diffuse.mat using Guid(0da0855ae2cb74b50a59db3ce852e242) Importer(2089858483,0ecaa5967403d082aa24f35e1b516d23) Generated GUIDs only implemented for interfaces!
 -> (artifact id: 'e273e8ac9060e5181063031e455dc236') in 0.035115 seconds
Number of updated asset objects reloaded before import = 0
Number of asset objects unloaded after import = 3
========================================================================
Received Import Request.
  Time since last request: 0.000012 seconds.
  path: Assets/People/FunkeyMonkey.fbx
  artifactKey: Guid(e414cffd20d1c4c9387b91a1d2b20ddf) Importer(2089858483,0ecaa5967403d082aa24f35e1b516d23)
Start importing Assets/People/FunkeyMonkey.fbx using Guid(e414cffd20d1c4c9387b91a1d2b20ddf) Importer(2089858483,0ecaa5967403d082aa24f35e1b516d23) Generated GUIDs only implemented for interfaces!
 -> (artifact id: '588c7106fda10282ee47b3fe19d0474d') in 0.057751 seconds
Number of updated asset objects reloaded before import = 0
Number of asset objects unloaded after import = 173
========================================================================
Received Import Request.
  Time since last request: 0.352904 seconds.
  path: Assets/People/regina@Dwarf Idle.fbm/Regina_Bottom_Opacity.png
  artifactKey: Guid(ab3718a5e16ca4f4c912a934bd4842a2) Importer(2089858483,0ecaa5967403d082aa24f35e1b516d23)
Start importing Assets/People/regina@Dwarf Idle.fbm/Regina_Bottom_Opacity.png using Guid(ab3718a5e16ca4f4c912a934bd4842a2) Importer(2089858483,0ecaa5967403d082aa24f35e1b516d23) Generated GUIDs only implemented for interfaces!
 -> (artifact id: '6b8aa83a357061e8f0318c57c27e44cf') in 0.018369 seconds
Number of updated asset objects reloaded before import = 0
Number of asset objects unloaded after import = 1
========================================================================
Received Import Request.
  Time since last request: 0.000011 seconds.
  path: Assets/Standard Assets/Utility/AlphaButtonClickMask.cs
  artifactKey: Guid(971f44ba24a74294294daed00507d80e) Importer(2089858483,0ecaa5967403d082aa24f35e1b516d23)
Start importing Assets/Standard Assets/Utility/AlphaButtonClickMask.cs using Guid(971f44ba24a74294294daed00507d80e) Importer(2089858483,0ecaa5967403d082aa24f35e1b516d23) Generated GUIDs only implemented for interfaces!
 -> (artifact id: 'f746955d907b148ee10281a773fde32d') in 0.009791 seconds
Number of updated asset objects reloaded before import = 0
Number of asset objects unloaded after import = 1
========================================================================
Received Import Request.
  Time since last request: 0.000073 seconds.
  path: Assets/People/regina@Running.fbm/Regina_Shoes_Gloss.png
  artifactKey: Guid(a04f80dbd389d45f9a6bbbc10fd0992b) Importer(2089858483,0ecaa5967403d082aa24f35e1b516d23)
Start importing Assets/People/regina@Running.fbm/Regina_Shoes_Gloss.png using Guid(a04f80dbd389d45f9a6bbbc10fd0992b) Importer(2089858483,0ecaa5967403d082aa24f35e1b516d23) Generated GUIDs only implemented for interfaces!
 -> (artifact id: '3b8fa06356dad5740b0bd4aec21fa219') in 0.018023 seconds
Number of updated asset objects reloaded before import = 0
Number of asset objects unloaded after import = 1
========================================================================
Received Import Request.
  Time since last request: 0.000023 seconds.
  path: Assets/People/regina@Walking.fbm/Regina_Top_Diffuse.png
  artifactKey: Guid(b34f09dc24bb59340ad02eb8af73481f) Importer(2089858483,0ecaa5967403d082aa24f35e1b516d23)
Start importing Assets/People/regina@Walking.fbm/Regina_Top_Diffuse.png using Guid(b34f09dc24bb59340ad02eb8af73481f) Importer(2089858483,0ecaa5967403d082aa24f35e1b516d23) Generated GUIDs only implemented for interfaces!
 -> (artifact id: '5d7b3d0347996795a58b4914f44c1852') in 0.017167 seconds
Number of updated asset objects reloaded before import = 0
Number of asset objects unloaded after import = 1
========================================================================
Received Import Request.
  Time since last request: 0.000035 seconds.
  path: Assets/People/regina@Walking.fbm/Regina_Bottom_Gloss.png
  artifactKey: Guid(7b5ee1fdeb85c594e992e352124047c1) Importer(2089858483,0ecaa5967403d082aa24f35e1b516d23)
Start importing Assets/People/regina@Walking.fbm/Regina_Bottom_Gloss.png using Guid(7b5ee1fdeb85c594e992e352124047c1) Importer(2089858483,0ecaa5967403d082aa24f35e1b516d23) Generated GUIDs only implemented for interfaces!
 -> (artifact id: '689bba657b49416d8e208258ee4d54e3') in 0.018985 seconds
Number of updated asset objects reloaded before import = 0
Number of asset objects unloaded after import = 1
========================================================================
Received Import Request.
  Time since last request: 0.000012 seconds.
  path: Assets/People/regina@Walking.fbm/Regina_Hat_Diffuse.png
  artifactKey: Guid(840d9ed4f82fb5d4289cbc9c3a8a4a5e) Importer(2089858483,0ecaa5967403d082aa24f35e1b516d23)
Start importing Assets/People/regina@Walking.fbm/Regina_Hat_Diffuse.png using Guid(840d9ed4f82fb5d4289cbc9c3a8a4a5e) Importer(2089858483,0ecaa5967403d082aa24f35e1b516d23) Generated GUIDs only implemented for interfaces!
 -> (artifact id: '07f007af06120a3ad01030f9ca4ef45e') in 0.017998 seconds
Number of updated asset objects reloaded before import = 0
Number of asset objects unloaded after import = 1
========================================================================
Received Import Request.
  Time since last request: 0.000013 seconds.
  path: Assets/People/regina@Running.fbm/Regina_Hat_Specular.png
  artifactKey: Guid(742db13b26f9843ebaeaac25daf4cd7e) Importer(2089858483,0ecaa5967403d082aa24f35e1b516d23)
Start importing Assets/People/regina@Running.fbm/Regina_Hat_Specular.png using Guid(742db13b26f9843ebaeaac25daf4cd7e) Importer(2089858483,0ecaa5967403d082aa24f35e1b516d23) Generated GUIDs only implemented for interfaces!
 -> (artifact id: '16da42c1954f77cbaaea6ebcb28d6432') in 0.028859 seconds
Number of updated asset objects reloaded before import = 0
Number of asset objects unloaded after import = 1
========================================================================
Received Import Request.
  Time since last request: 0.000010 seconds.
  path: Assets/People/regina@Running.fbm/Regina_Hat_Gloss.png
  artifactKey: Guid(862dc68157bf24dbe93ba6d3b5daa0b4) Importer(2089858483,0ecaa5967403d082aa24f35e1b516d23)
Start importing Assets/People/regina@Running.fbm/Regina_Hat_Gloss.png using Guid(862dc68157bf24dbe93ba6d3b5daa0b4) Importer(2089858483,0ecaa5967403d082aa24f35e1b516d23) Generated GUIDs only implemented for interfaces!
 -> (artifact id: '1b4a88b9abb2a04e10086841f3b1cc68') in 0.017755 seconds
Number of updated asset objects reloaded before import = 0
Number of asset objects unloaded after import = 1
========================================================================
Received Import Request.
  Time since last request: 0.000037 seconds.
  path: Assets/Standard Assets/Utility/AutoMobileShaderSwitch.cs
  artifactKey: Guid(9c4978ff6447f9040b84acc89b0bbdc8) Importer(2089858483,0ecaa5967403d082aa24f35e1b516d23)
Start importing Assets/Standard Assets/Utility/AutoMobileShaderSwitch.cs using Guid(9c4978ff6447f9040b84acc89b0bbdc8) Importer(2089858483,0ecaa5967403d082aa24f35e1b516d23) Generated GUIDs only implemented for interfaces!
 -> (artifact id: '0184f3c6eefa310b9b4a0ba27299dd09') in 0.008430 seconds
Number of updated asset objects reloaded before import = 0
Number of asset objects unloaded after import = 1
========================================================================
Received Import Request.
  Time since last request: 0.000013 seconds.
  path: Assets/Standard Assets/Utility/ActivateTrigger.cs
  artifactKey: Guid(c8634e062924929664361c08745211fb) Importer(2089858483,0ecaa5967403d082aa24f35e1b516d23)
Start importing Assets/Standard Assets/Utility/ActivateTrigger.cs using Guid(c8634e062924929664361c08745211fb) Importer(2089858483,0ecaa5967403d082aa24f35e1b516d23) Generated GUIDs only implemented for interfaces!
 -> (artifact id: 'd61ffd1bd3ce1f11d6a4ae025a5638a9') in 0.009805 seconds
Number of updated asset objects reloaded before import = 0
Number of asset objects unloaded after import = 1
========================================================================
Received Import Request.
  Time since last request: 0.000039 seconds.
  path: Assets/People/regina@Walking.fbm/Regina_Hair_Gloss.png
  artifactKey: Guid(1bf163572b5c90a45979ac3a14d7cdb8) Importer(2089858483,0ecaa5967403d082aa24f35e1b516d23)
Start importing Assets/People/regina@Walking.fbm/Regina_Hair_Gloss.png using Guid(1bf163572b5c90a45979ac3a14d7cdb8) Importer(2089858483,0ecaa5967403d082aa24f35e1b516d23) Generated GUIDs only implemented for interfaces!
 -> (artifact id: '6e916a35bd9ca631f56e2f98f28ad039') in 0.018043 seconds
Number of updated asset objects reloaded before import = 0
Number of asset objects unloaded after import = 1
========================================================================
Received Import Request.
  Time since last request: 0.000046 seconds.
  path: Assets/People/regina@Walking.fbm/Regina_Hair_Normal.png
  artifactKey: Guid(ff820c285dd7ae449a3110e16338aa4e) Importer(2089858483,0ecaa5967403d082aa24f35e1b516d23)
Start importing Assets/People/regina@Walking.fbm/Regina_Hair_Normal.png using Guid(ff820c285dd7ae449a3110e16338aa4e) Importer(2089858483,0ecaa5967403d082aa24f35e1b516d23) Generated GUIDs only implemented for interfaces!
 -> (artifact id: '5f57fc776965aa5eae5a5352b284cb2c') in 0.019794 seconds
Number of updated asset objects reloaded before import = 0
Number of asset objects unloaded after import = 1
========================================================================
Received Import Request.
  Time since last request: 0.000010 seconds.
  path: Assets/People/regina@Running.fbm/Regina_Top_Specular.png
  artifactKey: Guid(6714420b567bf46fea049786ae80fd18) Importer(2089858483,0ecaa5967403d082aa24f35e1b516d23)
Start importing Assets/People/regina@Running.fbm/Regina_Top_Specular.png using Guid(6714420b567bf46fea049786ae80fd18) Importer(2089858483,0ecaa5967403d082aa24f35e1b516d23) Generated GUIDs only implemented for interfaces!
 -> (artifact id: '90fb4534d6d232bd3345651e618851c2') in 0.019914 seconds
Number of updated asset objects reloaded before import = 0
Number of asset objects unloaded after import = 1
========================================================================
Received Import Request.
  Time since last request: 0.000016 seconds.
  path: Assets/People/regina@Running.fbm/Regina_Shoes_Specular.png
  artifactKey: Guid(bc0ce70246bd94f53a78b5bbb7ea8fe0) Importer(2089858483,0ecaa5967403d082aa24f35e1b516d23)
Start importing Assets/People/regina@Running.fbm/Regina_Shoes_Specular.png using Guid(bc0ce70246bd94f53a78b5bbb7ea8fe0) Importer(2089858483,0ecaa5967403d082aa24f35e1b516d23) Generated GUIDs only implemented for interfaces!
 -> (artifact id: '88e389cdc2487d6d6a47b5a598262ed0') in 0.018047 seconds
Number of updated asset objects reloaded before import = 0
Number of asset objects unloaded after import = 1
========================================================================
Received Import Request.
  Time since last request: 0.000072 seconds.
  path: Assets/People/regina@Dwarf Idle.fbm/Regina_Hat_Gloss.png
  artifactKey: Guid(b0d1858845b0d4a8584a707261255fb2) Importer(2089858483,0ecaa5967403d082aa24f35e1b516d23)
Start importing Assets/People/regina@Dwarf Idle.fbm/Regina_Hat_Gloss.png using Guid(b0d1858845b0d4a8584a707261255fb2) Importer(2089858483,0ecaa5967403d082aa24f35e1b516d23) Generated GUIDs only implemented for interfaces!
 -> (artifact id: '8b55b547d6338c42dc5bf7f2b78c30f4') in 0.017837 seconds
Number of updated asset objects reloaded before import = 0
Number of asset objects unloaded after import = 1
========================================================================
Received Import Request.
  Time since last request: 0.000017 seconds.
  path: Assets/People/regina@Dwarf Idle.fbm/Regina_Top_Specular.png
  artifactKey: Guid(9b4d36142da08448cabc4e87516b173a) Importer(2089858483,0ecaa5967403d082aa24f35e1b516d23)
Start importing Assets/People/regina@Dwarf Idle.fbm/Regina_Top_Specular.png using Guid(9b4d36142da08448cabc4e87516b173a) Importer(2089858483,0ecaa5967403d082aa24f35e1b516d23) Generated GUIDs only implemented for interfaces!
 -> (artifact id: '61bcf71a14b5d7b6446c4cf09ff4c2af') in 0.018333 seconds
Number of updated asset objects reloaded before import = 0
Number of asset objects unloaded after import = 1
========================================================================
Received Import Request.
  Time since last request: 0.000022 seconds.
  path: Assets/People/regina@Walking.fbm/Regina_Hat_Specular.png
  artifactKey: Guid(430d57122eb202a44a3b5d908bad2790) Importer(2089858483,0ecaa5967403d082aa24f35e1b516d23)
Start importing Assets/People/regina@Walking.fbm/Regina_Hat_Specular.png using Guid(430d57122eb202a44a3b5d908bad2790) Importer(2089858483,0ecaa5967403d082aa24f35e1b516d23) Generated GUIDs only implemented for interfaces!
 -> (artifact id: 'e4df0df23398445573365ced6a5da4af') in 0.016179 seconds
Number of updated asset objects reloaded before import = 0
Number of asset objects unloaded after import = 1
========================================================================
Received Import Request.
  Time since last request: 0.282460 seconds.
  path: Assets/Standard Assets/Utility/FollowTarget.cs
  artifactKey: Guid(246cc59c7a84ea44f87f6b70acfe30c5) Importer(2089858483,0ecaa5967403d082aa24f35e1b516d23)
Start importing Assets/Standard Assets/Utility/FollowTarget.cs using Guid(246cc59c7a84ea44f87f6b70acfe30c5) Importer(2089858483,0ecaa5967403d082aa24f35e1b516d23) Generated GUIDs only implemented for interfaces!
 -> (artifact id: '32b308a5e2548ad34f20c25f40d5e13d') in 0.010504 seconds
Number of updated asset objects reloaded before import = 0
Number of asset objects unloaded after import = 1
========================================================================
Received Import Request.
  Time since last request: 0.000011 seconds.
  path: Assets/Standard Assets/Characters/FirstPersonCharacter/Scripts/RigidbodyFirstPersonController.cs
  artifactKey: Guid(81c9795a96c094f4cbde4d65546aa9b2) Importer(2089858483,0ecaa5967403d082aa24f35e1b516d23)
Start importing Assets/Standard Assets/Characters/FirstPersonCharacter/Scripts/RigidbodyFirstPersonController.cs using Guid(81c9795a96c094f4cbde4d65546aa9b2) Importer(2089858483,0ecaa5967403d082aa24f35e1b516d23) Generated GUIDs only implemented for interfaces!
 -> (artifact id: '6f2f864f9a7899aca46e7671ea6c0d8e') in 0.009977 seconds
Number of updated asset objects reloaded before import = 0
Number of asset objects unloaded after import = 1
========================================================================
Received Import Request.
  Time since last request: 0.000085 seconds.
  path: Assets/Street/Resources/Trees/Tree02.prefab
  artifactKey: Guid(51f2fcbfe07906f499180db912fb3f29) Importer(2089858483,0ecaa5967403d082aa24f35e1b516d23)
Start importing Assets/Street/Resources/Trees/Tree02.prefab using Guid(51f2fcbfe07906f499180db912fb3f29) Importer(2089858483,0ecaa5967403d082aa24f35e1b516d23) Generated GUIDs only implemented for interfaces!
 -> (artifact id: '51dd5485e0d548cd4ae96f0b282982cb') in 0.045332 seconds
Number of updated asset objects reloaded before import = 0
Number of asset objects unloaded after import = 18
========================================================================
Received Import Request.
  Time since last request: 0.000013 seconds.
  path: Assets/Standard Assets/CrossPlatformInput/Sprites/SliderHandleSprite.png
  artifactKey: Guid(0626b924325d1c34cafa6b22297f4e4f) Importer(2089858483,0ecaa5967403d082aa24f35e1b516d23)
Start importing Assets/Standard Assets/CrossPlatformInput/Sprites/SliderHandleSprite.png using Guid(0626b924325d1c34cafa6b22297f4e4f) Importer(2089858483,0ecaa5967403d082aa24f35e1b516d23) Generated GUIDs only implemented for interfaces!
 -> (artifact id: '0373aef4ebc752bef54353c888a05a49') in 0.018427 seconds
Number of updated asset objects reloaded before import = 0
Number of asset objects unloaded after import = 3
========================================================================
Received Import Request.
  Time since last request: 0.000011 seconds.
  path: Assets/Street/Resources/Assets/Materials/Basket01-flatiron_bake_result37.mat
  artifactKey: Guid(408535d2bb9895a44ad4c6cb10b988b6) Importer(2089858483,0ecaa5967403d082aa24f35e1b516d23)
Start importing Assets/Street/Resources/Assets/Materials/Basket01-flatiron_bake_result37.mat using Guid(408535d2bb9895a44ad4c6cb10b988b6) Importer(2089858483,0ecaa5967403d082aa24f35e1b516d23) Generated GUIDs only implemented for interfaces!
 -> (artifact id: '77809fba080dc9070a3ce00b5cc559af') in 0.010126 seconds
Number of updated asset objects reloaded before import = 0
Number of asset objects unloaded after import = 2
========================================================================
Received Import Request.
  Time since last request: 0.000018 seconds.
  path: Assets/Street/Resources/Assets/Materials/BigAdvertising-M_metal05.mat
  artifactKey: Guid(77776669cc39353438831525b55a19c5) Importer(2089858483,0ecaa5967403d082aa24f35e1b516d23)
Start importing Assets/Street/Resources/Assets/Materials/BigAdvertising-M_metal05.mat using Guid(77776669cc39353438831525b55a19c5) Importer(2089858483,0ecaa5967403d082aa24f35e1b516d23) Generated GUIDs only implemented for interfaces!
 -> (artifact id: '780e26add5c03587f4ae76389b89c431') in 0.009345 seconds
Number of updated asset objects reloaded before import = 0
Number of asset objects unloaded after import = 2
========================================================================
Received Import Request.
  Time since last request: 0.000014 seconds.
  path: Assets/Standard Assets/CrossPlatformInput/Sprites/ButtonResetSprite.png
  artifactKey: Guid(a94c9a7eb94ceec4a8d67a1890e22e51) Importer(2089858483,0ecaa5967403d082aa24f35e1b516d23)
Start importing Assets/Standard Assets/CrossPlatformInput/Sprites/ButtonResetSprite.png using Guid(a94c9a7eb94ceec4a8d67a1890e22e51) Importer(2089858483,0ecaa5967403d082aa24f35e1b516d23) Generated GUIDs only implemented for interfaces!
 -> (artifact id: '0bd351fa8cf03bd4f4a80ec56f337b1b') in 0.017625 seconds
Number of updated asset objects reloaded before import = 0
Number of asset objects unloaded after import = 3
========================================================================
Received Import Request.
  Time since last request: 0.000017 seconds.
  path: Assets/Street/Resources/Assets/shops.fbx
  artifactKey: Guid(d339c678be51ebe49901ffcc503d4004) Importer(2089858483,0ecaa5967403d082aa24f35e1b516d23)
Start importing Assets/Street/Resources/Assets/shops.fbx using Guid(d339c678be51ebe49901ffcc503d4004) Importer(2089858483,0ecaa5967403d082aa24f35e1b516d23) Generated GUIDs only implemented for interfaces!
 -> (artifact id: 'f3a9a3f0892e58f5b6ff8b0bfbca56be') in 0.080414 seconds
Number of updated asset objects reloaded before import = 0
Number of asset objects unloaded after import = 444
========================================================================
Received Import Request.
  Time since last request: 0.000012 seconds.
  path: Assets/Street/Resources/Assets/builds.fbx
  artifactKey: Guid(4181cb0b040df7941a7e1067fd13389f) Importer(2089858483,0ecaa5967403d082aa24f35e1b516d23)
Start importing Assets/Street/Resources/Assets/builds.fbx using Guid(4181cb0b040df7941a7e1067fd13389f) Importer(2089858483,0ecaa5967403d082aa24f35e1b516d23) Generated GUIDs only implemented for interfaces!
 -> (artifact id: '95397f2d1a68879926ab31b5d73573b4') in 0.052494 seconds
Number of updated asset objects reloaded before import = 0
Number of asset objects unloaded after import = 270
========================================================================
Received Import Request.
  Time since last request: 0.000011 seconds.
  path: Assets/Street/Resources/Assets/Materials/Basket04-flatiron_bake_result38.mat
  artifactKey: Guid(1dfb15f573d465c49bb935dfeffec9b2) Importer(2089858483,0ecaa5967403d082aa24f35e1b516d23)
Start importing Assets/Street/Resources/Assets/Materials/Basket04-flatiron_bake_result38.mat using Guid(1dfb15f573d465c49bb935dfeffec9b2) Importer(2089858483,0ecaa5967403d082aa24f35e1b516d23) Generated GUIDs only implemented for interfaces!
 -> (artifact id: '28978f4f16c0fc36520b9034e7147ebd') in 0.011113 seconds
Number of updated asset objects reloaded before import = 0
Number of asset objects unloaded after import = 2
========================================================================
Received Import Request.
  Time since last request: 0.000013 seconds.
  path: Assets/Street/Resources/Assets/Parkimeter.fbx
  artifactKey: Guid(ac246521ac4951646bb8b4c629f3336f) Importer(2089858483,0ecaa5967403d082aa24f35e1b516d23)
Start importing Assets/Street/Resources/Assets/Parkimeter.fbx using Guid(ac246521ac4951646bb8b4c629f3336f) Importer(2089858483,0ecaa5967403d082aa24f35e1b516d23) Generated GUIDs only implemented for interfaces!
 -> (artifact id: '116d200da8184b6267cac85700647f51') in 0.017533 seconds
Number of updated asset objects reloaded before import = 0
Number of asset objects unloaded after import = 9
========================================================================
Received Import Request.
  Time since last request: 0.000021 seconds.
  path: Assets/Street/Resources/Assets/roof07.fbx
  artifactKey: Guid(f6806bac7e6048f4fa49cd463996ac64) Importer(2089858483,0ecaa5967403d082aa24f35e1b516d23)
Start importing Assets/Street/Resources/Assets/roof07.fbx using Guid(f6806bac7e6048f4fa49cd463996ac64) Importer(2089858483,0ecaa5967403d082aa24f35e1b516d23) Generated GUIDs only implemented for interfaces!
 -> (artifact id: '3d40bbc8fd119e69a6877ef62a68f368') in 0.078818 seconds
Number of updated asset objects reloaded before import = 0
Number of asset objects unloaded after import = 516
========================================================================
Received Import Request.
  Time since last request: 0.000012 seconds.
  path: Assets/Street/Resources/Assets/Materials/Chairs-M_wood.mat
  artifactKey: Guid(b67168781c3b9244e9fdb56ae44348a4) Importer(2089858483,0ecaa5967403d082aa24f35e1b516d23)
Start importing Assets/Street/Resources/Assets/Materials/Chairs-M_wood.mat using Guid(b67168781c3b9244e9fdb56ae44348a4) Importer(2089858483,0ecaa5967403d082aa24f35e1b516d23) Generated GUIDs only implemented for interfaces!
 -> (artifact id: '3695b0fb0a96a448d396e25e653f8ba4') in 0.011241 seconds
Number of updated asset objects reloaded before import = 0
Number of asset objects unloaded after import = 2
========================================================================
Received Import Request.
  Time since last request: 0.000017 seconds.
  path: Assets/Street/Resources/Assets/Trafficlight.fbx
  artifactKey: Guid(34cc1fbc1a4a17247ad55306cf392a68) Importer(2089858483,0ecaa5967403d082aa24f35e1b516d23)
Start importing Assets/Street/Resources/Assets/Trafficlight.fbx using Guid(34cc1fbc1a4a17247ad55306cf392a68) Importer(2089858483,0ecaa5967403d082aa24f35e1b516d23) Generated GUIDs only implemented for interfaces!
 -> (artifact id: '4f7dee10240622c25f21edd09a5cf7ba') in 0.018860 seconds
Number of updated asset objects reloaded before import = 0
Number of asset objects unloaded after import = 26
========================================================================
Received Import Request.
  Time since last request: 0.000013 seconds.
  path: Assets/Street/Resources/Assets/Materials/AiresBlock07.mat
  artifactKey: Guid(727d7ef164747c74ab70618fdb4dfb0d) Importer(2089858483,0ecaa5967403d082aa24f35e1b516d23)
Start importing Assets/Street/Resources/Assets/Materials/AiresBlock07.mat using Guid(727d7ef164747c74ab70618fdb4dfb0d) Importer(2089858483,0ecaa5967403d082aa24f35e1b516d23) Generated GUIDs only implemented for interfaces!
 -> (artifact id: '6587791cb4e277eb67b1c67855aa1207') in 0.009230 seconds
Number of updated asset objects reloaded before import = 0
Number of asset objects unloaded after import = 2
========================================================================
Received Import Request.
  Time since last request: 0.000013 seconds.
  path: Assets/Street/Resources/Assets/Chairs.fbx
  artifactKey: Guid(ce743c2438a425142b98835a209545c1) Importer(2089858483,0ecaa5967403d082aa24f35e1b516d23)
Start importing Assets/Street/Resources/Assets/Chairs.fbx using Guid(ce743c2438a425142b98835a209545c1) Importer(2089858483,0ecaa5967403d082aa24f35e1b516d23) Generated GUIDs only implemented for interfaces!
 -> (artifact id: 'fa2904b36568a23fc54f6ca5d8aac879') in 0.016694 seconds
Number of updated asset objects reloaded before import = 0
Number of asset objects unloaded after import = 9
========================================================================
Received Import Request.
  Time since last request: 0.000013 seconds.
  path: Assets/Standard Assets/CrossPlatformInput/Sprites/ButtonAcceleratorOverSprite.png
  artifactKey: Guid(eb5f6e2757c821940b69cf1456f7865a) Importer(2089858483,0ecaa5967403d082aa24f35e1b516d23)
Start importing Assets/Standard Assets/CrossPlatformInput/Sprites/ButtonAcceleratorOverSprite.png using Guid(eb5f6e2757c821940b69cf1456f7865a) Importer(2089858483,0ecaa5967403d082aa24f35e1b516d23) Generated GUIDs only implemented for interfaces!
 -> (artifact id: 'e1132698dbed1e213dd3ddcbbf8cd828') in 0.019038 seconds
Number of updated asset objects reloaded before import = 0
Number of asset objects unloaded after import = 3
========================================================================
Received Import Request.
  Time since last request: 0.000012 seconds.
  path: Assets/Street/Resources/Assets/roof00.fbx
  artifactKey: Guid(82053e81e83b53244b49e5abbfef9f53) Importer(2089858483,0ecaa5967403d082aa24f35e1b516d23)
Start importing Assets/Street/Resources/Assets/roof00.fbx using Guid(82053e81e83b53244b49e5abbfef9f53) Importer(2089858483,0ecaa5967403d082aa24f35e1b516d23) Generated GUIDs only implemented for interfaces!
 -> (artifact id: 'fcc5df92f4704924dcdbaead39820b88') in 0.089748 seconds
Number of updated asset objects reloaded before import = 0
Number of asset objects unloaded after import = 630
========================================================================
Received Import Request.
  Time since last request: 0.000011 seconds.
  path: Assets/Street/Resources/Assets/Materials/Trafficlight-flatiron_bake_result43.mat
  artifactKey: Guid(5b46e527254c9ab48a2c0d1d5709f4d7) Importer(2089858483,0ecaa5967403d082aa24f35e1b516d23)
Start importing Assets/Street/Resources/Assets/Materials/Trafficlight-flatiron_bake_result43.mat using Guid(5b46e527254c9ab48a2c0d1d5709f4d7) Importer(2089858483,0ecaa5967403d082aa24f35e1b516d23) Generated GUIDs only implemented for interfaces!
 -> (artifact id: 'd072f12acb4d114f3858f6e404798f1d') in 0.010177 seconds
Number of updated asset objects reloaded before import = 0
Number of asset objects unloaded after import = 2
========================================================================
Received Import Request.
  Time since last request: 0.000012 seconds.
  path: Assets/Street/Resources/Assets/Materials/TejadoBlock05_8.mat
  artifactKey: Guid(af95a4919571a6f44b58d30999f39ee0) Importer(2089858483,0ecaa5967403d082aa24f35e1b516d23)
Start importing Assets/Street/Resources/Assets/Materials/TejadoBlock05_8.mat using Guid(af95a4919571a6f44b58d30999f39ee0) Importer(2089858483,0ecaa5967403d082aa24f35e1b516d23) Generated GUIDs only implemented for interfaces!
 -> (artifact id: '3d2da2aaf56fd9af8f526c9110c4e8fc') in 0.010245 seconds
Number of updated asset objects reloaded before import = 0
Number of asset objects unloaded after import = 2
========================================================================
Received Import Request.
  Time since last request: 0.000015 seconds.
  path: Assets/Street/Resources/Assets/Materials/Shops0052_Spaz_02.mat
  artifactKey: Guid(c9ac5357237dab44a9f8556ec3e3db02) Importer(2089858483,0ecaa5967403d082aa24f35e1b516d23)
Start importing Assets/Street/Resources/Assets/Materials/Shops0052_Spaz_02.mat using Guid(c9ac5357237dab44a9f8556ec3e3db02) Importer(2089858483,0ecaa5967403d082aa24f35e1b516d23) Generated GUIDs only implemented for interfaces!
 -> (artifact id: 'ed77914b0d9f961c8875404cba0f4e65') in 0.010762 seconds
Number of updated asset objects reloaded before import = 0
Number of asset objects unloaded after import = 2
========================================================================
Received Import Request.
  Time since last request: 0.000012 seconds.
  path: Assets/Street/Resources/Assets/Materials/Shops0150_S_paz_2.mat
  artifactKey: Guid(7dac543b3da88fb4884fb2ed24932c48) Importer(2089858483,0ecaa5967403d082aa24f35e1b516d23)
Start importing Assets/Street/Resources/Assets/Materials/Shops0150_S_paz_2.mat using Guid(7dac543b3da88fb4884fb2ed24932c48) Importer(2089858483,0ecaa5967403d082aa24f35e1b516d23) Generated GUIDs only implemented for interfaces!
 -> (artifact id: 'bf2e89a5bb3be1b77c0c164ed101cae8') in 0.010608 seconds
Number of updated asset objects reloaded before import = 0
Number of asset objects unloaded after import = 2
========================================================================
Received Import Request.
  Time since last request: 0.000018 seconds.
  path: Assets/Street/Resources/Assets/Materials/TejadoBloque2_0.mat
  artifactKey: Guid(fe4501f86cd6ba649904c665b111dc9c) Importer(2089858483,0ecaa5967403d082aa24f35e1b516d23)
Start importing Assets/Street/Resources/Assets/Materials/TejadoBloque2_0.mat using Guid(fe4501f86cd6ba649904c665b111dc9c) Importer(2089858483,0ecaa5967403d082aa24f35e1b516d23) Generated GUIDs only implemented for interfaces!
 -> (artifact id: '636c13f8af6ddd9a54f76c9e8c746035') in 0.010457 seconds
Number of updated asset objects reloaded before import = 0
Number of asset objects unloaded after import = 2
========================================================================
Received Import Request.
  Time since last request: 0.000020 seconds.
  path: Assets/Street/Resources/Assets/Materials/Shops0019_M_2.mat
  artifactKey: Guid(3b3b4cedf5a2fe54b954be13db09a466) Importer(2089858483,0ecaa5967403d082aa24f35e1b516d23)
Start importing Assets/Street/Resources/Assets/Materials/Shops0019_M_2.mat using Guid(3b3b4cedf5a2fe54b954be13db09a466) Importer(2089858483,0ecaa5967403d082aa24f35e1b516d23) Generated GUIDs only implemented for interfaces!
 -> (artifact id: '2ebfe564d96ca20604f5cea52e546741') in 0.010429 seconds
Number of updated asset objects reloaded before import = 0
Number of asset objects unloaded after import = 2
========================================================================
Received Import Request.
  Time since last request: 0.000013 seconds.
  path: Assets/Street/Resources/Assets/Materials/tents_blocks_05-08_08.mat
  artifactKey: Guid(16cafb984f94e724db4fedcc5d214cec) Importer(2089858483,0ecaa5967403d082aa24f35e1b516d23)
Start importing Assets/Street/Resources/Assets/Materials/tents_blocks_05-08_08.mat using Guid(16cafb984f94e724db4fedcc5d214cec) Importer(2089858483,0ecaa5967403d082aa24f35e1b516d23) Generated GUIDs only implemented for interfaces!
 -> (artifact id: '1a15aa5e9794b217b164c4fa5f1968ff') in 0.010171 seconds
Number of updated asset objects reloaded before import = 0
Number of asset objects unloaded after import = 2
========================================================================
Received Import Request.
  Time since last request: 0.000013 seconds.
  path: Assets/Street/Resources/Assets/Materials/Trafficlight-flatiron_bake_result44.mat
  artifactKey: Guid(6343e27053777724f9b7851dcbe75a4d) Importer(2089858483,0ecaa5967403d082aa24f35e1b516d23)
Start importing Assets/Street/Resources/Assets/Materials/Trafficlight-flatiron_bake_result44.mat using Guid(6343e27053777724f9b7851dcbe75a4d) Importer(2089858483,0ecaa5967403d082aa24f35e1b516d23) Generated GUIDs only implemented for interfaces!
 -> (artifact id: '0040d7f66d64ecdb370c32181c02bd4f') in 0.010254 seconds
Number of updated asset objects reloaded before import = 0
Number of asset objects unloaded after import = 2
========================================================================
Received Import Request.
  Time since last request: 0.000014 seconds.
  path: Assets/Street/Resources/Assets/Materials/Shops0052_Spaz3.mat
  artifactKey: Guid(378e6f8cf65a62848b9d5752f6153e86) Importer(2089858483,0ecaa5967403d082aa24f35e1b516d23)
Start importing Assets/Street/Resources/Assets/Materials/Shops0052_Spaz3.mat using Guid(378e6f8cf65a62848b9d5752f6153e86) Importer(2089858483,0ecaa5967403d082aa24f35e1b516d23) Generated GUIDs only implemented for interfaces!
 -> (artifact id: 'd1df0aad8f373dbad7f7444b99667eef') in 0.009881 seconds
Number of updated asset objects reloaded before import = 0
Number of asset objects unloaded after import = 2
========================================================================
Received Import Request.
  Time since last request: 0.000012 seconds.
  path: Assets/Street/Resources/Assets/Materials/TejadoBloque6_2.mat
  artifactKey: Guid(b23a42ee740989c4586557b5ed8006fc) Importer(2089858483,0ecaa5967403d082aa24f35e1b516d23)
Start importing Assets/Street/Resources/Assets/Materials/TejadoBloque6_2.mat using Guid(b23a42ee740989c4586557b5ed8006fc) Importer(2089858483,0ecaa5967403d082aa24f35e1b516d23) Generated GUIDs only implemented for interfaces!
 -> (artifact id: 'a5526ab061bf45430829c3010eb2807f') in 0.009506 seconds
Number of updated asset objects reloaded before import = 0
Number of asset objects unloaded after import = 2
========================================================================
Received Import Request.
  Time since last request: 0.000264 seconds.
  path: Assets/Street/Resources/Assets/Materials/TejadoBlock04_0.mat
  artifactKey: Guid(5bba78c2724bae049b9ab05efb51cd1b) Importer(2089858483,0ecaa5967403d082aa24f35e1b516d23)
Start importing Assets/Street/Resources/Assets/Materials/TejadoBlock04_0.mat using Guid(5bba78c2724bae049b9ab05efb51cd1b) Importer(2089858483,0ecaa5967403d082aa24f35e1b516d23) Generated GUIDs only implemented for interfaces!
 -> (artifact id: '2e6ec67d4ef16abca6925b7ba2c6b2b2') in 0.010397 seconds
Number of updated asset objects reloaded before import = 0
Number of asset objects unloaded after import = 2
========================================================================
Received Import Request.
  Time since last request: 0.000013 seconds.
  path: Assets/Street/Resources/Assets/Materials/TejadoAssetBlock01_4.mat
  artifactKey: Guid(73e3605d50b9ad5419b210533d1463b2) Importer(2089858483,0ecaa5967403d082aa24f35e1b516d23)
Start importing Assets/Street/Resources/Assets/Materials/TejadoAssetBlock01_4.mat using Guid(73e3605d50b9ad5419b210533d1463b2) Importer(2089858483,0ecaa5967403d082aa24f35e1b516d23) Generated GUIDs only implemented for interfaces!
 -> (artifact id: '2c086c9a902ffdb78f9f42ba0a10a398') in 0.010207 seconds
Number of updated asset objects reloaded before import = 0
Number of asset objects unloaded after import = 2
========================================================================
Received Import Request.
  Time since last request: 0.000013 seconds.
  path: Assets/Street/Resources/Assets/Materials/TejadoBloque7_3.mat
  artifactKey: Guid(b004618e2c6f4d241a995a039d425a1b) Importer(2089858483,0ecaa5967403d082aa24f35e1b516d23)
Start importing Assets/Street/Resources/Assets/Materials/TejadoBloque7_3.mat using Guid(b004618e2c6f4d241a995a039d425a1b) Importer(2089858483,0ecaa5967403d082aa24f35e1b516d23) Generated GUIDs only implemented for interfaces!
 -> (artifact id: '5f5cfca4263a8179e98a83d3dd706a3b') in 0.009419 seconds
Number of updated asset objects reloaded before import = 0
Number of asset objects unloaded after import = 2
========================================================================
Received Import Request.
  Time since last request: 0.000014 seconds.
  path: Assets/Street/Resources/Assets/Materials/TejadoBlock04_9.mat
  artifactKey: Guid(113bb51564eb38549a8b23e06007bad5) Importer(2089858483,0ecaa5967403d082aa24f35e1b516d23)
Start importing Assets/Street/Resources/Assets/Materials/TejadoBlock04_9.mat using Guid(113bb51564eb38549a8b23e06007bad5) Importer(2089858483,0ecaa5967403d082aa24f35e1b516d23) Generated GUIDs only implemented for interfaces!
 -> (artifact id: 'b30f2c0a858b1a8cbf2f8d52b00864d3') in 0.009450 seconds
Number of updated asset objects reloaded before import = 0
Number of asset objects unloaded after import = 2
========================================================================
Received Import Request.
  Time since last request: 0.000016 seconds.
  path: Assets/Street/Resources/Assets/Materials/TejadoBlock04_7.mat
  artifactKey: Guid(5b0f642de2e86e1469efbb044e0f0de9) Importer(2089858483,0ecaa5967403d082aa24f35e1b516d23)
Start importing Assets/Street/Resources/Assets/Materials/TejadoBlock04_7.mat using Guid(5b0f642de2e86e1469efbb044e0f0de9) Importer(2089858483,0ecaa5967403d082aa24f35e1b516d23) Generated GUIDs only implemented for interfaces!
 -> (artifact id: 'db26791ef3f82fff167e14dc221cd2b5') in 0.010250 seconds
Number of updated asset objects reloaded before import = 0
Number of asset objects unloaded after import = 2
========================================================================
Received Import Request.
  Time since last request: 0.000012 seconds.
  path: Assets/Street/Resources/Assets/Materials/semaforo-flatiron_bake_result34.mat
  artifactKey: Guid(b50197225ebe91c49a5ac19ab0320f3b) Importer(2089858483,0ecaa5967403d082aa24f35e1b516d23)
Start importing Assets/Street/Resources/Assets/Materials/semaforo-flatiron_bake_result34.mat using Guid(b50197225ebe91c49a5ac19ab0320f3b) Importer(2089858483,0ecaa5967403d082aa24f35e1b516d23) Generated GUIDs only implemented for interfaces!
 -> (artifact id: '182746a091c3f9d8e215a1151db6181e') in 0.010605 seconds
Number of updated asset objects reloaded before import = 0
Number of asset objects unloaded after import = 2
========================================================================
Received Import Request.
  Time since last request: 0.000013 seconds.
  path: Assets/Street/Resources/Assets/Materials/TejadoBlock03_2.mat
  artifactKey: Guid(26dd35e4348dcf64d8f366122a94f11e) Importer(2089858483,0ecaa5967403d082aa24f35e1b516d23)
Start importing Assets/Street/Resources/Assets/Materials/TejadoBlock03_2.mat using Guid(26dd35e4348dcf64d8f366122a94f11e) Importer(2089858483,0ecaa5967403d082aa24f35e1b516d23) Generated GUIDs only implemented for interfaces!
 -> (artifact id: 'b0a3bad0550b94859f52f8cfd123f7fc') in 0.009950 seconds
Number of updated asset objects reloaded before import = 0
Number of asset objects unloaded after import = 2
========================================================================
Received Import Request.
  Time since last request: 0.000013 seconds.
  path: Assets/Street/Resources/Assets/Materials/semaforo-Material7.mat
  artifactKey: Guid(addce0fb07d671d498e31625b46674fe) Importer(2089858483,0ecaa5967403d082aa24f35e1b516d23)
Start importing Assets/Street/Resources/Assets/Materials/semaforo-Material7.mat using Guid(addce0fb07d671d498e31625b46674fe) Importer(2089858483,0ecaa5967403d082aa24f35e1b516d23) Generated GUIDs only implemented for interfaces!
 -> (artifact id: '09463fa4a376cccee06911c660de1cbf') in 0.010805 seconds
Number of updated asset objects reloaded before import = 0
Number of asset objects unloaded after import = 2
========================================================================
Received Import Request.
  Time since last request: 0.000014 seconds.
  path: Assets/Street/Resources/Assets/Materials/Suelo6.mat
  artifactKey: Guid(b9e5d9972f8f63646bbbc1e8ae6839a5) Importer(2089858483,0ecaa5967403d082aa24f35e1b516d23)
Start importing Assets/Street/Resources/Assets/Materials/Suelo6.mat using Guid(b9e5d9972f8f63646bbbc1e8ae6839a5) Importer(2089858483,0ecaa5967403d082aa24f35e1b516d23) Generated GUIDs only implemented for interfaces!
 -> (artifact id: '9b5c5e8d7255257664914ef3f9593af9') in 0.010994 seconds
Number of updated asset objects reloaded before import = 0
Number of asset objects unloaded after import = 2
========================================================================
Received Import Request.
  Time since last request: 0.000013 seconds.
  path: Assets/Street/Resources/Assets/Materials/TejadoBloque3_3.mat
  artifactKey: Guid(2b0d09dce433958448a0e3a901a4ff87) Importer(2089858483,0ecaa5967403d082aa24f35e1b516d23)
Start importing Assets/Street/Resources/Assets/Materials/TejadoBloque3_3.mat using Guid(2b0d09dce433958448a0e3a901a4ff87) Importer(2089858483,0ecaa5967403d082aa24f35e1b516d23) Generated GUIDs only implemented for interfaces!
 -> (artifact id: '0f4eca0f5b50ceb81fd3ab813afa72d8') in 0.011116 seconds
Number of updated asset objects reloaded before import = 0
Number of asset objects unloaded after import = 2
========================================================================
Received Import Request.
  Time since last request: 0.000013 seconds.
  path: Assets/Street/Resources/Assets/Materials/TejadoBloque3_4.mat
  artifactKey: Guid(0f6781fd99365c14fb624aae08bee27b) Importer(2089858483,0ecaa5967403d082aa24f35e1b516d23)
Start importing Assets/Street/Resources/Assets/Materials/TejadoBloque3_4.mat using Guid(0f6781fd99365c14fb624aae08bee27b) Importer(2089858483,0ecaa5967403d082aa24f35e1b516d23) Generated GUIDs only implemented for interfaces!
 -> (artifact id: '51231f053f30555075bfbb1ca129ee59') in 0.010134 seconds
Number of updated asset objects reloaded before import = 0
Number of asset objects unloaded after import = 2
========================================================================
Received Import Request.
  Time since last request: 0.000012 seconds.
  path: Assets/Street/Resources/Assets/Materials/TejadoBlock05_3.mat
  artifactKey: Guid(00f3390f2b174414e80499efde6725cb) Importer(2089858483,0ecaa5967403d082aa24f35e1b516d23)
Start importing Assets/Street/Resources/Assets/Materials/TejadoBlock05_3.mat using Guid(00f3390f2b174414e80499efde6725cb) Importer(2089858483,0ecaa5967403d082aa24f35e1b516d23) Generated GUIDs only implemented for interfaces!
 -> (artifact id: 'd3384af8fd752bfd4e9a33f931d13c97') in 0.010014 seconds
Number of updated asset objects reloaded before import = 0
Number of asset objects unloaded after import = 2
========================================================================
Received Import Request.
  Time since last request: 0.000012 seconds.
  path: Assets/Street/Resources/Assets/Materials/Treeground-flatiron_bake_result46.mat
  artifactKey: Guid(51881b79efbc5964e87bfab1585c4f07) Importer(2089858483,0ecaa5967403d082aa24f35e1b516d23)
Start importing Assets/Street/Resources/Assets/Materials/Treeground-flatiron_bake_result46.mat using Guid(51881b79efbc5964e87bfab1585c4f07) Importer(2089858483,0ecaa5967403d082aa24f35e1b516d23) Generated GUIDs only implemented for interfaces!
 -> (artifact id: 'b21de86d4d196b122d3685d8b8a7cce0') in 0.010698 seconds
Number of updated asset objects reloaded before import = 0
Number of asset objects unloaded after import = 2
========================================================================
Received Import Request.
  Time since last request: 0.000012 seconds.
  path: Assets/Street/Resources/Assets/Materials/TejadoBlock02_5.mat
  artifactKey: Guid(cdf17e4730175d24f9865908fe5797e1) Importer(2089858483,0ecaa5967403d082aa24f35e1b516d23)
Start importing Assets/Street/Resources/Assets/Materials/TejadoBlock02_5.mat using Guid(cdf17e4730175d24f9865908fe5797e1) Importer(2089858483,0ecaa5967403d082aa24f35e1b516d23) Generated GUIDs only implemented for interfaces!
 -> (artifact id: '68f012884f6b13a8db971c4a9e019758') in 0.009093 seconds
Number of updated asset objects reloaded before import = 0
Number of asset objects unloaded after import = 2
========================================================================
Received Import Request.
  Time since last request: 0.212612 seconds.
  path: Assets/Street/Resources/Assets/Pictures/acera2.tif
  artifactKey: Guid(f2c07ff46502cca4abe5e5057c43fcd3) Importer(2089858483,0ecaa5967403d082aa24f35e1b516d23)
Start importing Assets/Street/Resources/Assets/Pictures/acera2.tif using Guid(f2c07ff46502cca4abe5e5057c43fcd3) Importer(2089858483,0ecaa5967403d082aa24f35e1b516d23) Generated GUIDs only implemented for interfaces!
 -> (artifact id: '7e283aa56d556367364316939df621cf') in 0.024998 seconds
Number of updated asset objects reloaded before import = 0
Number of asset objects unloaded after import = 1
========================================================================
Received Import Request.
  Time since last request: 0.000011 seconds.
  path: Assets/Street/Resources/Assets/Pictures/TejadoBloque2_0.jpg
  artifactKey: Guid(2a70a3abd87fa2f4ba7291811332e3ee) Importer(2089858483,0ecaa5967403d082aa24f35e1b516d23)
Start importing Assets/Street/Resources/Assets/Pictures/TejadoBloque2_0.jpg using Guid(2a70a3abd87fa2f4ba7291811332e3ee) Importer(2089858483,0ecaa5967403d082aa24f35e1b516d23) Generated GUIDs only implemented for interfaces!
 -> (artifact id: '0613f7bcb9bbd4a5466b532733eb3dd5') in 0.019308 seconds
Number of updated asset objects reloaded before import = 0
Number of asset objects unloaded after import = 1
========================================================================
Received Import Request.
  Time since last request: 0.000015 seconds.
  path: Assets/Street/Resources/Assets/Pictures/Shops0052_Spaz_02.jpg
  artifactKey: Guid(582491eb053b54c4784407aab681a98f) Importer(2089858483,0ecaa5967403d082aa24f35e1b516d23)
Start importing Assets/Street/Resources/Assets/Pictures/Shops0052_Spaz_02.jpg using Guid(582491eb053b54c4784407aab681a98f) Importer(2089858483,0ecaa5967403d082aa24f35e1b516d23) Generated GUIDs only implemented for interfaces!
 -> (artifact id: 'aa3c5cca538a282fb9498a9b0b101e1e') in 0.019074 seconds
Number of updated asset objects reloaded before import = 0
Number of asset objects unloaded after import = 1
========================================================================
Received Import Request.
  Time since last request: 0.000010 seconds.
  path: Assets/Street/Resources/Assets/Pictures/Pipes0071_1_Sa.jpg
  artifactKey: Guid(01fe8c71764e97747ab5ca59ea51ff75) Importer(2089858483,0ecaa5967403d082aa24f35e1b516d23)
Start importing Assets/Street/Resources/Assets/Pictures/Pipes0071_1_Sa.jpg using Guid(01fe8c71764e97747ab5ca59ea51ff75) Importer(2089858483,0ecaa5967403d082aa24f35e1b516d23) Generated GUIDs only implemented for interfaces!
 -> (artifact id: 'b55c3b2c7477318359eb191c504a1d7c') in 0.019185 seconds
Number of updated asset objects reloaded before import = 0
Number of asset objects unloaded after import = 1
========================================================================
Received Import Request.
  Time since last request: 0.000015 seconds.
  path: Assets/Street/Resources/Assets/Pictures/farola.jpg
  artifactKey: Guid(325ced66dcc819a438e796471730a1a8) Importer(2089858483,0ecaa5967403d082aa24f35e1b516d23)
Start importing Assets/Street/Resources/Assets/Pictures/farola.jpg using Guid(325ced66dcc819a438e796471730a1a8) Importer(2089858483,0ecaa5967403d082aa24f35e1b516d23) Generated GUIDs only implemented for interfaces!
 -> (artifact id: 'eaf8e97135acdf1ca213e502be04e3ed') in 0.017843 seconds
Number of updated asset objects reloaded before import = 0
Number of asset objects unloaded after import = 1
========================================================================
Received Import Request.
  Time since last request: 0.000012 seconds.
  path: Assets/Street/Resources/Assets/Pictures/tejado_0.jpg
  artifactKey: Guid(1db505c893ac51b4eab3e7ff37336de6) Importer(2089858483,0ecaa5967403d082aa24f35e1b516d23)
Start importing Assets/Street/Resources/Assets/Pictures/tejado_0.jpg using Guid(1db505c893ac51b4eab3e7ff37336de6) Importer(2089858483,0ecaa5967403d082aa24f35e1b516d23) Generated GUIDs only implemented for interfaces!
 -> (artifact id: 'ec88905beb25482ca8e53e29d18ec7ac') in 0.018297 seconds
Number of updated asset objects reloaded before import = 0
Number of asset objects unloaded after import = 1
========================================================================
Received Import Request.
  Time since last request: 0.000049 seconds.
  path: Assets/Street/Resources/Assets/Pictures/sign_002.jpg
  artifactKey: Guid(cc3400f7a1fcc654ca4c950ccda3f6b9) Importer(2089858483,0ecaa5967403d082aa24f35e1b516d23)
Start importing Assets/Street/Resources/Assets/Pictures/sign_002.jpg using Guid(cc3400f7a1fcc654ca4c950ccda3f6b9) Importer(2089858483,0ecaa5967403d082aa24f35e1b516d23) Generated GUIDs only implemented for interfaces!
 -> (artifact id: '4235c56abdfcd8976da34f2dc9568f0b') in 0.018429 seconds
Number of updated asset objects reloaded before import = 0
Number of asset objects unloaded after import = 1
========================================================================
Received Import Request.
  Time since last request: 0.000013 seconds.
  path: Assets/Street/Resources/Assets/Pictures/panel.jpg
  artifactKey: Guid(1f53cc0d56a54c54f9f3dc86e87be5ef) Importer(2089858483,0ecaa5967403d082aa24f35e1b516d23)
Start importing Assets/Street/Resources/Assets/Pictures/panel.jpg using Guid(1f53cc0d56a54c54f9f3dc86e87be5ef) Importer(2089858483,0ecaa5967403d082aa24f35e1b516d23) Generated GUIDs only implemented for interfaces!
 -> (artifact id: 'c250befbe1f9d469c04729c53d2f04ff') in 0.018326 seconds
Number of updated asset objects reloaded before import = 0
Number of asset objects unloaded after import = 1
========================================================================
Received Import Request.
  Time since last request: 0.000012 seconds.
  path: Assets/Street/Resources/Assets/Pictures/TejadoBlock02_3.jpg
  artifactKey: Guid(60fed3d41f0a74b44bac63c0748fe4f7) Importer(2089858483,0ecaa5967403d082aa24f35e1b516d23)
Start importing Assets/Street/Resources/Assets/Pictures/TejadoBlock02_3.jpg using Guid(60fed3d41f0a74b44bac63c0748fe4f7) Importer(2089858483,0ecaa5967403d082aa24f35e1b516d23) Generated GUIDs only implemented for interfaces!
 -> (artifact id: '5330b5bf7cb6099214118b2d6f6765be') in 0.018941 seconds
Number of updated asset objects reloaded before import = 0
Number of asset objects unloaded after import = 1
========================================================================
Received Import Request.
  Time since last request: 0.000012 seconds.
  path: Assets/Street/Resources/Assets/Pictures/Tejado01Block01_1.jpg
  artifactKey: Guid(8098befdb9d2e6d49a8a74ec28d9dbb2) Importer(2089858483,0ecaa5967403d082aa24f35e1b516d23)
Start importing Assets/Street/Resources/Assets/Pictures/Tejado01Block01_1.jpg using Guid(8098befdb9d2e6d49a8a74ec28d9dbb2) Importer(2089858483,0ecaa5967403d082aa24f35e1b516d23) Generated GUIDs only implemented for interfaces!
 -> (artifact id: '6058f8fb218ea5bc4dbf52a3c34a8607') in 0.018466 seconds
Number of updated asset objects reloaded before import = 0
Number of asset objects unloaded after import = 1
========================================================================
Received Import Request.
  Time since last request: 0.000013 seconds.
  path: Assets/Street/Resources/Assets/Pictures/TejadoBlock04_0.jpg
  artifactKey: Guid(ff92a3941d113d44ab138974633eb5f4) Importer(2089858483,0ecaa5967403d082aa24f35e1b516d23)
Start importing Assets/Street/Resources/Assets/Pictures/TejadoBlock04_0.jpg using Guid(ff92a3941d113d44ab138974633eb5f4) Importer(2089858483,0ecaa5967403d082aa24f35e1b516d23) Generated GUIDs only implemented for interfaces!
 -> (artifact id: '51be97c5bc0ee04868256e66cbcfe905') in 0.017359 seconds
Number of updated asset objects reloaded before import = 0
Number of asset objects unloaded after import = 1
========================================================================
Received Import Request.
  Time since last request: 0.000019 seconds.
  path: Assets/Street/Resources/Assets/Pictures/park.jpg
  artifactKey: Guid(f97eea253e0b41540808416f7f3a3f35) Importer(2089858483,0ecaa5967403d082aa24f35e1b516d23)
Start importing Assets/Street/Resources/Assets/Pictures/park.jpg using Guid(f97eea253e0b41540808416f7f3a3f35) Importer(2089858483,0ecaa5967403d082aa24f35e1b516d23) Generated GUIDs only implemented for interfaces!
 -> (artifact id: 'e5f83fa57f1957824aed7b38bb257518') in 0.017670 seconds
Number of updated asset objects reloaded before import = 0
Number of asset objects unloaded after import = 1
========================================================================
Received Import Request.
  Time since last request: 0.000013 seconds.
  path: Assets/Street/Resources/Assets/Pictures/Suelo4.jpg
  artifactKey: Guid(57ef014cee91b6144aee3f3e1b5c10b3) Importer(2089858483,0ecaa5967403d082aa24f35e1b516d23)
Start importing Assets/Street/Resources/Assets/Pictures/Suelo4.jpg using Guid(57ef014cee91b6144aee3f3e1b5c10b3) Importer(2089858483,0ecaa5967403d082aa24f35e1b516d23) Generated GUIDs only implemented for interfaces!
 -> (artifact id: '6d4b25001d95f6e0eaa5c2d0cf54b890') in 0.015360 seconds
Number of updated asset objects reloaded before import = 0
Number of asset objects unloaded after import = 1
========================================================================
Received Import Request.
  Time since last request: 0.000014 seconds.
  path: Assets/Street/Resources/Assets/Pictures/TejadoAssetBlock01_8.jpg
  artifactKey: Guid(a1fa589a182fe274997b47277b0a4899) Importer(2089858483,0ecaa5967403d082aa24f35e1b516d23)
Start importing Assets/Street/Resources/Assets/Pictures/TejadoAssetBlock01_8.jpg using Guid(a1fa589a182fe274997b47277b0a4899) Importer(2089858483,0ecaa5967403d082aa24f35e1b516d23) Generated GUIDs only implemented for interfaces!
 -> (artifact id: 'f0bccfbb502524d0624abca189bc7974') in 0.018255 seconds
Number of updated asset objects reloaded before import = 0
Number of asset objects unloaded after import = 1
========================================================================
Received Import Request.
  Time since last request: 0.000013 seconds.
  path: Assets/Street/Resources/Assets/Pictures/TejadoBloque8_3.jpg
  artifactKey: Guid(a581ba61219543b478c95d0e62abb805) Importer(2089858483,0ecaa5967403d082aa24f35e1b516d23)
Start importing Assets/Street/Resources/Assets/Pictures/TejadoBloque8_3.jpg using Guid(a581ba61219543b478c95d0e62abb805) Importer(2089858483,0ecaa5967403d082aa24f35e1b516d23) Generated GUIDs only implemented for interfaces!
 -> (artifact id: 'a4ea00197131700b947bf9a11f04c13d') in 0.019591 seconds
Number of updated asset objects reloaded before import = 0
Number of asset objects unloaded after import = 1
========================================================================
Received Import Request.
  Time since last request: 0.000013 seconds.
  path: Assets/Street/Resources/Assets/Pictures/Tejado01Block01_4.jpg
  artifactKey: Guid(d16d43482fdb9004cbe3104227dcfd8b) Importer(2089858483,0ecaa5967403d082aa24f35e1b516d23)
Start importing Assets/Street/Resources/Assets/Pictures/Tejado01Block01_4.jpg using Guid(d16d43482fdb9004cbe3104227dcfd8b) Importer(2089858483,0ecaa5967403d082aa24f35e1b516d23) Generated GUIDs only implemented for interfaces!
 -> (artifact id: '9a83c2328a4eec8521803ad0fa60adc9') in 0.017941 seconds
Number of updated asset objects reloaded before import = 0
Number of asset objects unloaded after import = 1
========================================================================
Received Import Request.
  Time since last request: 0.000016 seconds.
  path: Assets/Street/Resources/Assets/Pictures/Partebajaire.jpg
  artifactKey: Guid(a19dc9afe31c4c44d9c85d894a5860d9) Importer(2089858483,0ecaa5967403d082aa24f35e1b516d23)
Start importing Assets/Street/Resources/Assets/Pictures/Partebajaire.jpg using Guid(a19dc9afe31c4c44d9c85d894a5860d9) Importer(2089858483,0ecaa5967403d082aa24f35e1b516d23) Generated GUIDs only implemented for interfaces!
 -> (artifact id: '4f9035801ee3dc70a926f2fd67bfc162') in 0.019855 seconds
Number of updated asset objects reloaded before import = 0
Number of asset objects unloaded after import = 1
========================================================================
Received Import Request.
  Time since last request: 0.000010 seconds.
  path: Assets/Street/Resources/Assets/Pictures/cartelBlock04.jpg
  artifactKey: Guid(bbc1b5c6b4c521540a82f0bb3c9413dc) Importer(2089858483,0ecaa5967403d082aa24f35e1b516d23)
Start importing Assets/Street/Resources/Assets/Pictures/cartelBlock04.jpg using Guid(bbc1b5c6b4c521540a82f0bb3c9413dc) Importer(2089858483,0ecaa5967403d082aa24f35e1b516d23) Generated GUIDs only implemented for interfaces!
 -> (artifact id: '9a08821cf2088ef6789c6e572b924a9a') in 0.017480 seconds
Number of updated asset objects reloaded before import = 0
Number of asset objects unloaded after import = 1
========================================================================
Received Import Request.
  Time since last request: 0.000028 seconds.
  path: Assets/Street/Resources/Assets/Pictures/billboard13.jpg
  artifactKey: Guid(0f5e910e43bae674ba8807e765a12473) Importer(2089858483,0ecaa5967403d082aa24f35e1b516d23)
Start importing Assets/Street/Resources/Assets/Pictures/billboard13.jpg using Guid(0f5e910e43bae674ba8807e765a12473) Importer(2089858483,0ecaa5967403d082aa24f35e1b516d23) Generated GUIDs only implemented for interfaces!
 -> (artifact id: 'c7d52410c58184adea147db1bc2425bf') in 0.017507 seconds
Number of updated asset objects reloaded before import = 0
Number of asset objects unloaded after import = 1
========================================================================
Received Import Request.
  Time since last request: 0.000117 seconds.
  path: Assets/Street/Resources/Assets/Pictures/TejadoBloque5_2.jpg
  artifactKey: Guid(eb93421ed2d0fda4b9a7586d2d81e6c6) Importer(2089858483,0ecaa5967403d082aa24f35e1b516d23)
Start importing Assets/Street/Resources/Assets/Pictures/TejadoBloque5_2.jpg using Guid(eb93421ed2d0fda4b9a7586d2d81e6c6) Importer(2089858483,0ecaa5967403d082aa24f35e1b516d23) Generated GUIDs only implemented for interfaces!
 -> (artifact id: 'c46634536aba45a9dfcfa07ee6d8eedd') in 0.018206 seconds
Number of updated asset objects reloaded before import = 0
Number of asset objects unloaded after import = 1
========================================================================
Received Import Request.
  Time since last request: 0.000070 seconds.
  path: Assets/Street/Resources/Assets/Pictures/Shops0150_S_paz_2.jpg
  artifactKey: Guid(7791a0e000bb6be449a9d2157f9bddb9) Importer(2089858483,0ecaa5967403d082aa24f35e1b516d23)
Start importing Assets/Street/Resources/Assets/Pictures/Shops0150_S_paz_2.jpg using Guid(7791a0e000bb6be449a9d2157f9bddb9) Importer(2089858483,0ecaa5967403d082aa24f35e1b516d23) Generated GUIDs only implemented for interfaces!
 -> (artifact id: '14ffa27ce4ded337e6b4a9f797d5b236') in 0.019266 seconds
Number of updated asset objects reloaded before import = 0
Number of asset objects unloaded after import = 1
========================================================================
Received Import Request.
  Time since last request: 0.000017 seconds.
  path: Assets/Street/Resources/Assets/Pictures/TejadoBlock03_3.jpg
  artifactKey: Guid(b3c370ef64d982844a2d1056ff74ef05) Importer(2089858483,0ecaa5967403d082aa24f35e1b516d23)
Start importing Assets/Street/Resources/Assets/Pictures/TejadoBlock03_3.jpg using Guid(b3c370ef64d982844a2d1056ff74ef05) Importer(2089858483,0ecaa5967403d082aa24f35e1b516d23) Generated GUIDs only implemented for interfaces!
 -> (artifact id: '2b4db785fc502af6ef11f95b2e984720') in 0.018510 seconds
Number of updated asset objects reloaded before import = 0
Number of asset objects unloaded after import = 1
========================================================================
Received Import Request.
  Time since last request: 0.000015 seconds.
  path: Assets/Street/Resources/Assets/Pictures/TejadoBloque7_0.jpg
  artifactKey: Guid(2fa1069a2b6105c4cb333e5dd7d38816) Importer(2089858483,0ecaa5967403d082aa24f35e1b516d23)
Start importing Assets/Street/Resources/Assets/Pictures/TejadoBloque7_0.jpg using Guid(2fa1069a2b6105c4cb333e5dd7d38816) Importer(2089858483,0ecaa5967403d082aa24f35e1b516d23) Generated GUIDs only implemented for interfaces!
 -> (artifact id: '5412ca7b10b749a0f2af68957a1ccb3f') in 0.018129 seconds
Number of updated asset objects reloaded before import = 0
Number of asset objects unloaded after import = 1
========================================================================
Received Import Request.
  Time since last request: 0.000019 seconds.
  path: Assets/Street/Resources/Assets/Pictures/TejadoBlock02_1.jpg
  artifactKey: Guid(e4d605d2936c71c4da23d5ba78e2e326) Importer(2089858483,0ecaa5967403d082aa24f35e1b516d23)
Start importing Assets/Street/Resources/Assets/Pictures/TejadoBlock02_1.jpg using Guid(e4d605d2936c71c4da23d5ba78e2e326) Importer(2089858483,0ecaa5967403d082aa24f35e1b516d23) Generated GUIDs only implemented for interfaces!
 -> (artifact id: 'aaf541e984a295b6fea77cef890a2fd8') in 0.018658 seconds
Number of updated asset objects reloaded before import = 0
Number of asset objects unloaded after import = 1
========================================================================
Received Import Request.
  Time since last request: 0.000032 seconds.
  path: Assets/Street/Resources/Assets/Pictures/Shops0217_M_3.jpg
  artifactKey: Guid(bbedeca45eb409649bde2de10c26b429) Importer(2089858483,0ecaa5967403d082aa24f35e1b516d23)
Start importing Assets/Street/Resources/Assets/Pictures/Shops0217_M_3.jpg using Guid(bbedeca45eb409649bde2de10c26b429) Importer(2089858483,0ecaa5967403d082aa24f35e1b516d23) Generated GUIDs only implemented for interfaces!
 -> (artifact id: 'ae2c77a0f85c0a69ae861d2d8435d58c') in 0.017263 seconds
Number of updated asset objects reloaded before import = 0
Number of asset objects unloaded after import = 1
========================================================================
Received Import Request.
  Time since last request: 0.026030 seconds.
  path: Assets/Street/Resources/Assets/Pictures/tents_blocks_05-08_02.jpg
  artifactKey: Guid(c55fb4a8d2f04be4992f54a803636ec3) Importer(2089858483,0ecaa5967403d082aa24f35e1b516d23)
Start importing Assets/Street/Resources/Assets/Pictures/tents_blocks_05-08_02.jpg using Guid(c55fb4a8d2f04be4992f54a803636ec3) Importer(2089858483,0ecaa5967403d082aa24f35e1b516d23) Generated GUIDs only implemented for interfaces!
 -> (artifact id: '58b7c3843a43bffc31fa6d003ff10888') in 0.017319 seconds
Number of updated asset objects reloaded before import = 0
Number of asset objects unloaded after import = 1
========================================================================
Received Import Request.
  Time since last request: 0.000015 seconds.
  path: Assets/Street/Resources/Assets/Pictures/WrinklesFoil0005_M norm.jpg
  artifactKey: Guid(cf6834fcc0d55b9459b2d79c360821ac) Importer(2089858483,0ecaa5967403d082aa24f35e1b516d23)
Start importing Assets/Street/Resources/Assets/Pictures/WrinklesFoil0005_M norm.jpg using Guid(cf6834fcc0d55b9459b2d79c360821ac) Importer(2089858483,0ecaa5967403d082aa24f35e1b516d23) Generated GUIDs only implemented for interfaces!
 -> (artifact id: '806bcf4422f585f6c3341229af920485') in 0.018778 seconds
Number of updated asset objects reloaded before import = 0
Number of asset objects unloaded after import = 1
========================================================================
Received Import Request.
  Time since last request: 0.000017 seconds.
  path: Assets/Street/Resources/Assets/Materials/Skyboxes/Textures/Sunny1/Sunny1_down.tif
  artifactKey: Guid(352e5f82d7105ad408904c5f552b5fe7) Importer(2089858483,0ecaa5967403d082aa24f35e1b516d23)
Start importing Assets/Street/Resources/Assets/Materials/Skyboxes/Textures/Sunny1/Sunny1_down.tif using Guid(352e5f82d7105ad408904c5f552b5fe7) Importer(2089858483,0ecaa5967403d082aa24f35e1b516d23) Generated GUIDs only implemented for interfaces!
 -> (artifact id: '00262d2798dce347b94c3a02863ee936') in 0.017992 seconds
Number of updated asset objects reloaded before import = 0
Number of asset objects unloaded after import = 1
========================================================================
Received Import Request.
  Time since last request: 0.000037 seconds.
  path: Assets/Street/Resources/Assets/Pictures/variosAcera2.jpg
  artifactKey: Guid(2e11c38696c356245b036524c76bd225) Importer(2089858483,0ecaa5967403d082aa24f35e1b516d23)
Start importing Assets/Street/Resources/Assets/Pictures/variosAcera2.jpg using Guid(2e11c38696c356245b036524c76bd225) Importer(2089858483,0ecaa5967403d082aa24f35e1b516d23) Generated GUIDs only implemented for interfaces!
 -> (artifact id: 'e8339efd6895697b0133517eda6bfd22') in 0.018191 seconds
Number of updated asset objects reloaded before import = 0
Number of asset objects unloaded after import = 1
========================================================================
Received Import Request.
  Time since last request: 0.000030 seconds.
  path: Assets/Street/Resources/Trees/Sources/Materials/BigTree_branches.mat
  artifactKey: Guid(054be44bec922ad4dbea626a45edb961) Importer(2089858483,0ecaa5967403d082aa24f35e1b516d23)
Start importing Assets/Street/Resources/Trees/Sources/Materials/BigTree_branches.mat using Guid(054be44bec922ad4dbea626a45edb961) Importer(2089858483,0ecaa5967403d082aa24f35e1b516d23) Generated GUIDs only implemented for interfaces!
 -> (artifact id: '2a92a3698fa52f36525df13ad790b932') in 0.056691 seconds
Number of updated asset objects reloaded before import = 0
Number of asset objects unloaded after import = 2
Editor requested this worker to shutdown with reason: Scaling down because of idle timeout
TcpMessagingSession - receive error: operation aborted. errorcode: 995, details: A operao de E/S foi cancelada devido a uma sada do mdulo ou a um pedido da aplicao.
AssetImportWorker is now disconnected from the server
Process exiting
Exiting without the bug reporter. Application will terminate with return code 0